2023-04-28 17:42:37,219 [Worker-5: Loading available Gradle versions] INFO  o.e.b.c.i.u.g.PublishedGradleVersions - Gradle version information cache is out-of-date. Trying to update.
2023-04-28 17:51:15,017 [Worker-14: Launching mavenrun-b880e6e1-b54c-4bf3-92fb-0ff10e9ce911] INFO  o.eclipse.m2e.core.internal.Bundles - getClasspathEntries(Bundle=org.eclipse.m2e.maven.runtime_3.8.701.20230209-1606 [265])
2023-04-28 17:51:15,025 [Worker-14: Launching mavenrun-b880e6e1-b54c-4bf3-92fb-0ff10e9ce911] INFO  o.eclipse.m2e.core.internal.Bundles - 	Entry: /Users/wwhynot/.p2/pool/plugins/org.eclipse.m2e.maven.runtime_3.8.701.20230209-1606
2023-04-28 17:51:15,026 [Worker-14: Launching mavenrun-b880e6e1-b54c-4bf3-92fb-0ff10e9ce911] INFO  o.eclipse.m2e.core.internal.Bundles - 	Entry: /Users/wwhynot/.p2/pool/plugins/org.eclipse.m2e.maven.runtime_3.8.701.20230209-1606/jars/aether-connector-okhttp-0.17.8.jar
2023-04-28 17:51:15,026 [Worker-14: Launching mavenrun-b880e6e1-b54c-4bf3-92fb-0ff10e9ce911] INFO  o.eclipse.m2e.core.internal.Bundles - 	Entry: /Users/wwhynot/.p2/pool/plugins/org.eclipse.m2e.maven.runtime_3.8.701.20230209-1606/jars/commons-lang3-3.8.1.jar
2023-04-28 17:51:15,026 [Worker-14: Launching mavenrun-b880e6e1-b54c-4bf3-92fb-0ff10e9ce911] INFO  o.eclipse.m2e.core.internal.Bundles - 	Entry: /Users/wwhynot/.p2/pool/plugins/org.eclipse.m2e.maven.runtime_3.8.701.20230209-1606/jars/guice-4.2.2-no_aop.jar
2023-04-28 17:51:15,026 [Worker-14: Launching mavenrun-b880e6e1-b54c-4bf3-92fb-0ff10e9ce911] INFO  o.eclipse.m2e.core.internal.Bundles - 	Entry: /Users/wwhynot/.p2/pool/plugins/org.eclipse.m2e.maven.runtime_3.8.701.20230209-1606/jars/jansi-2.4.0.jar
2023-04-28 17:51:15,026 [Worker-14: Launching mavenrun-b880e6e1-b54c-4bf3-92fb-0ff10e9ce911] INFO  o.eclipse.m2e.core.internal.Bundles - 	Entry: /Users/wwhynot/.p2/pool/plugins/org.eclipse.m2e.maven.runtime_3.8.701.20230209-1606/jars/maven-artifact-3.8.7.jar
2023-04-28 17:51:15,026 [Worker-14: Launching mavenrun-b880e6e1-b54c-4bf3-92fb-0ff10e9ce911] INFO  o.eclipse.m2e.core.internal.Bundles - 	Entry: /Users/wwhynot/.p2/pool/plugins/org.eclipse.m2e.maven.runtime_3.8.701.20230209-1606/jars/maven-builder-support-3.8.7.jar
2023-04-28 17:51:15,026 [Worker-14: Launching mavenrun-b880e6e1-b54c-4bf3-92fb-0ff10e9ce911] INFO  o.eclipse.m2e.core.internal.Bundles - 	Entry: /Users/wwhynot/.p2/pool/plugins/org.eclipse.m2e.maven.runtime_3.8.701.20230209-1606/jars/maven-compat-3.8.7.jar
2023-04-28 17:51:15,026 [Worker-14: Launching mavenrun-b880e6e1-b54c-4bf3-92fb-0ff10e9ce911] INFO  o.eclipse.m2e.core.internal.Bundles - 	Entry: /Users/wwhynot/.p2/pool/plugins/org.eclipse.m2e.maven.runtime_3.8.701.20230209-1606/jars/maven-core-3.8.7.jar
2023-04-28 17:51:15,027 [Worker-14: Launching mavenrun-b880e6e1-b54c-4bf3-92fb-0ff10e9ce911] INFO  o.eclipse.m2e.core.internal.Bundles - 	Entry: /Users/wwhynot/.p2/pool/plugins/org.eclipse.m2e.maven.runtime_3.8.701.20230209-1606/jars/maven-embedder-3.8.7.jar
2023-04-28 17:51:15,027 [Worker-14: Launching mavenrun-b880e6e1-b54c-4bf3-92fb-0ff10e9ce911] INFO  o.eclipse.m2e.core.internal.Bundles - 	Entry: /Users/wwhynot/.p2/pool/plugins/org.eclipse.m2e.maven.runtime_3.8.701.20230209-1606/jars/maven-model-3.8.7.jar
2023-04-28 17:51:15,027 [Worker-14: Launching mavenrun-b880e6e1-b54c-4bf3-92fb-0ff10e9ce911] INFO  o.eclipse.m2e.core.internal.Bundles - 	Entry: /Users/wwhynot/.p2/pool/plugins/org.eclipse.m2e.maven.runtime_3.8.701.20230209-1606/jars/maven-model-builder-3.8.7.jar
2023-04-28 17:51:15,028 [Worker-14: Launching mavenrun-b880e6e1-b54c-4bf3-92fb-0ff10e9ce911] INFO  o.eclipse.m2e.core.internal.Bundles - 	Entry: /Users/wwhynot/.p2/pool/plugins/org.eclipse.m2e.maven.runtime_3.8.701.20230209-1606/jars/maven-plugin-api-3.8.7.jar
2023-04-28 17:51:15,028 [Worker-14: Launching mavenrun-b880e6e1-b54c-4bf3-92fb-0ff10e9ce911] INFO  o.eclipse.m2e.core.internal.Bundles - 	Entry: /Users/wwhynot/.p2/pool/plugins/org.eclipse.m2e.maven.runtime_3.8.701.20230209-1606/jars/maven-repository-metadata-3.8.7.jar
2023-04-28 17:51:15,028 [Worker-14: Launching mavenrun-b880e6e1-b54c-4bf3-92fb-0ff10e9ce911] INFO  o.eclipse.m2e.core.internal.Bundles - 	Entry: /Users/wwhynot/.p2/pool/plugins/org.eclipse.m2e.maven.runtime_3.8.701.20230209-1606/jars/maven-resolver-api-1.6.3.jar
2023-04-28 17:51:15,028 [Worker-14: Launching mavenrun-b880e6e1-b54c-4bf3-92fb-0ff10e9ce911] INFO  o.eclipse.m2e.core.internal.Bundles - 	Entry: /Users/wwhynot/.p2/pool/plugins/org.eclipse.m2e.maven.runtime_3.8.701.20230209-1606/jars/maven-resolver-connector-basic-1.6.3.jar
2023-04-28 17:51:15,028 [Worker-14: Launching mavenrun-b880e6e1-b54c-4bf3-92fb-0ff10e9ce911] INFO  o.eclipse.m2e.core.internal.Bundles - 	Entry: /Users/wwhynot/.p2/pool/plugins/org.eclipse.m2e.maven.runtime_3.8.701.20230209-1606/jars/maven-resolver-impl-1.6.3.jar
2023-04-28 17:51:15,028 [Worker-14: Launching mavenrun-b880e6e1-b54c-4bf3-92fb-0ff10e9ce911] INFO  o.eclipse.m2e.core.internal.Bundles - 	Entry: /Users/wwhynot/.p2/pool/plugins/org.eclipse.m2e.maven.runtime_3.8.701.20230209-1606/jars/maven-resolver-provider-3.8.7.jar
2023-04-28 17:51:15,028 [Worker-14: Launching mavenrun-b880e6e1-b54c-4bf3-92fb-0ff10e9ce911] INFO  o.eclipse.m2e.core.internal.Bundles - 	Entry: /Users/wwhynot/.p2/pool/plugins/org.eclipse.m2e.maven.runtime_3.8.701.20230209-1606/jars/maven-resolver-spi-1.6.3.jar
2023-04-28 17:51:15,028 [Worker-14: Launching mavenrun-b880e6e1-b54c-4bf3-92fb-0ff10e9ce911] INFO  o.eclipse.m2e.core.internal.Bundles - 	Entry: /Users/wwhynot/.p2/pool/plugins/org.eclipse.m2e.maven.runtime_3.8.701.20230209-1606/jars/maven-resolver-transport-wagon-1.6.3.jar
2023-04-28 17:51:15,028 [Worker-14: Launching mavenrun-b880e6e1-b54c-4bf3-92fb-0ff10e9ce911] INFO  o.eclipse.m2e.core.internal.Bundles - 	Entry: /Users/wwhynot/.p2/pool/plugins/org.eclipse.m2e.maven.runtime_3.8.701.20230209-1606/jars/maven-resolver-util-1.6.3.jar
2023-04-28 17:51:15,028 [Worker-14: Launching mavenrun-b880e6e1-b54c-4bf3-92fb-0ff10e9ce911] INFO  o.eclipse.m2e.core.internal.Bundles - 	Entry: /Users/wwhynot/.p2/pool/plugins/org.eclipse.m2e.maven.runtime_3.8.701.20230209-1606/jars/maven-settings-3.8.7.jar
2023-04-28 17:51:15,028 [Worker-14: Launching mavenrun-b880e6e1-b54c-4bf3-92fb-0ff10e9ce911] INFO  o.eclipse.m2e.core.internal.Bundles - 	Entry: /Users/wwhynot/.p2/pool/plugins/org.eclipse.m2e.maven.runtime_3.8.701.20230209-1606/jars/maven-settings-builder-3.8.7.jar
2023-04-28 17:51:15,029 [Worker-14: Launching mavenrun-b880e6e1-b54c-4bf3-92fb-0ff10e9ce911] INFO  o.eclipse.m2e.core.internal.Bundles - 	Entry: /Users/wwhynot/.p2/pool/plugins/org.eclipse.m2e.maven.runtime_3.8.701.20230209-1606/jars/maven-shared-utils-3.3.4.jar
2023-04-28 17:51:15,029 [Worker-14: Launching mavenrun-b880e6e1-b54c-4bf3-92fb-0ff10e9ce911] INFO  o.eclipse.m2e.core.internal.Bundles - 	Entry: /Users/wwhynot/.p2/pool/plugins/org.eclipse.m2e.maven.runtime_3.8.701.20230209-1606/jars/okhttp-3.14.1.jar
2023-04-28 17:51:15,029 [Worker-14: Launching mavenrun-b880e6e1-b54c-4bf3-92fb-0ff10e9ce911] INFO  o.eclipse.m2e.core.internal.Bundles - 	Entry: /Users/wwhynot/.p2/pool/plugins/org.eclipse.m2e.maven.runtime_3.8.701.20230209-1606/jars/okio-1.17.3.jar
2023-04-28 17:51:15,029 [Worker-14: Launching mavenrun-b880e6e1-b54c-4bf3-92fb-0ff10e9ce911] INFO  o.eclipse.m2e.core.internal.Bundles - 	Entry: /Users/wwhynot/.p2/pool/plugins/org.eclipse.m2e.maven.runtime_3.8.701.20230209-1606/jars/org.eclipse.sisu.inject-0.3.5.jar
2023-04-28 17:51:15,029 [Worker-14: Launching mavenrun-b880e6e1-b54c-4bf3-92fb-0ff10e9ce911] INFO  o.eclipse.m2e.core.internal.Bundles - 	Entry: /Users/wwhynot/.p2/pool/plugins/org.eclipse.m2e.maven.runtime_3.8.701.20230209-1606/jars/org.eclipse.sisu.plexus-0.3.5.jar
2023-04-28 17:51:15,029 [Worker-14: Launching mavenrun-b880e6e1-b54c-4bf3-92fb-0ff10e9ce911] INFO  o.eclipse.m2e.core.internal.Bundles - 	Entry: /Users/wwhynot/.p2/pool/plugins/org.eclipse.m2e.maven.runtime_3.8.701.20230209-1606/jars/plexus-build-api-0.0.7.jar
2023-04-28 17:51:15,029 [Worker-14: Launching mavenrun-b880e6e1-b54c-4bf3-92fb-0ff10e9ce911] INFO  o.eclipse.m2e.core.internal.Bundles - 	Entry: /Users/wwhynot/.p2/pool/plugins/org.eclipse.m2e.maven.runtime_3.8.701.20230209-1606/jars/plexus-cipher-2.0.jar
2023-04-28 17:51:15,029 [Worker-14: Launching mavenrun-b880e6e1-b54c-4bf3-92fb-0ff10e9ce911] INFO  o.eclipse.m2e.core.internal.Bundles - 	Entry: /Users/wwhynot/.p2/pool/plugins/org.eclipse.m2e.maven.runtime_3.8.701.20230209-1606/jars/plexus-classworlds-2.6.0.jar
2023-04-28 17:51:15,029 [Worker-14: Launching mavenrun-b880e6e1-b54c-4bf3-92fb-0ff10e9ce911] INFO  o.eclipse.m2e.core.internal.Bundles - 	Entry: /Users/wwhynot/.p2/pool/plugins/org.eclipse.m2e.maven.runtime_3.8.701.20230209-1606/jars/plexus-component-annotations-2.1.0.jar
2023-04-28 17:51:15,029 [Worker-14: Launching mavenrun-b880e6e1-b54c-4bf3-92fb-0ff10e9ce911] INFO  o.eclipse.m2e.core.internal.Bundles - 	Entry: /Users/wwhynot/.p2/pool/plugins/org.eclipse.m2e.maven.runtime_3.8.701.20230209-1606/jars/plexus-interpolation-1.26.jar
2023-04-28 17:51:15,029 [Worker-14: Launching mavenrun-b880e6e1-b54c-4bf3-92fb-0ff10e9ce911] INFO  o.eclipse.m2e.core.internal.Bundles - 	Entry: /Users/wwhynot/.p2/pool/plugins/org.eclipse.m2e.maven.runtime_3.8.701.20230209-1606/jars/plexus-sec-dispatcher-2.0.jar
2023-04-28 17:51:15,029 [Worker-14: Launching mavenrun-b880e6e1-b54c-4bf3-92fb-0ff10e9ce911] INFO  o.eclipse.m2e.core.internal.Bundles - 	Entry: /Users/wwhynot/.p2/pool/plugins/org.eclipse.m2e.maven.runtime_3.8.701.20230209-1606/jars/plexus-utils-3.3.1.jar
2023-04-28 17:51:15,029 [Worker-14: Launching mavenrun-b880e6e1-b54c-4bf3-92fb-0ff10e9ce911] INFO  o.eclipse.m2e.core.internal.Bundles - 	Entry: /Users/wwhynot/.p2/pool/plugins/org.eclipse.m2e.maven.runtime_3.8.701.20230209-1606/jars/wagon-file-3.5.3.jar
2023-04-28 17:51:15,030 [Worker-14: Launching mavenrun-b880e6e1-b54c-4bf3-92fb-0ff10e9ce911] INFO  o.eclipse.m2e.core.internal.Bundles - 	Entry: /Users/wwhynot/.p2/pool/plugins/org.eclipse.m2e.maven.runtime_3.8.701.20230209-1606/jars/wagon-provider-api-3.5.3.jar
2023-04-28 17:51:15,031 [Worker-14: Launching mavenrun-b880e6e1-b54c-4bf3-92fb-0ff10e9ce911] INFO  o.eclipse.m2e.core.internal.Bundles - getClasspathEntries(Bundle=com.google.guava_31.1.0.jre [9])
2023-04-28 17:51:15,032 [Worker-14: Launching mavenrun-b880e6e1-b54c-4bf3-92fb-0ff10e9ce911] INFO  o.eclipse.m2e.core.internal.Bundles - 	Entry: /Users/wwhynot/.p2/pool/plugins/com.google.guava_31.1.0.jre.jar
2023-04-28 17:51:15,032 [Worker-14: Launching mavenrun-b880e6e1-b54c-4bf3-92fb-0ff10e9ce911] INFO  o.eclipse.m2e.core.internal.Bundles - getClasspathEntries(Bundle=slf4j.api_1.7.36 [432])
2023-04-28 17:51:15,033 [Worker-14: Launching mavenrun-b880e6e1-b54c-4bf3-92fb-0ff10e9ce911] INFO  o.eclipse.m2e.core.internal.Bundles - 	Entry: /Users/wwhynot/.p2/pool/plugins/slf4j.api_1.7.36.jar
2023-04-28 17:51:15,033 [Worker-14: Launching mavenrun-b880e6e1-b54c-4bf3-92fb-0ff10e9ce911] INFO  o.eclipse.m2e.core.internal.Bundles - getClasspathEntries(Bundle=javax.inject_1.0.0.v20220405-0441 [21])
2023-04-28 17:51:15,036 [Worker-14: Launching mavenrun-b880e6e1-b54c-4bf3-92fb-0ff10e9ce911] INFO  o.eclipse.m2e.core.internal.Bundles - 	Entry: /Users/wwhynot/.p2/pool/plugins/javax.inject_1.0.0.v20220405-0441.jar
2023-04-28 17:51:15,037 [Worker-14: Launching mavenrun-b880e6e1-b54c-4bf3-92fb-0ff10e9ce911] INFO  o.eclipse.m2e.core.internal.Bundles - getClasspathEntries(Bundle=javax.annotation_1.3.5.v20221203-1659 [19])
2023-04-28 17:51:15,038 [Worker-14: Launching mavenrun-b880e6e1-b54c-4bf3-92fb-0ff10e9ce911] INFO  o.eclipse.m2e.core.internal.Bundles - 	Entry: /Users/wwhynot/.p2/pool/plugins/javax.annotation_1.3.5.v20221203-1659.jar
2023-04-28 17:51:15,038 [Worker-14: Launching mavenrun-b880e6e1-b54c-4bf3-92fb-0ff10e9ce911] INFO  o.eclipse.m2e.core.internal.Bundles - getClasspathEntries(Bundle=org.apache.commons.cli_1.4.0.v20221112-0806 [41])
2023-04-28 17:51:15,039 [Worker-14: Launching mavenrun-b880e6e1-b54c-4bf3-92fb-0ff10e9ce911] INFO  o.eclipse.m2e.core.internal.Bundles - 	Entry: /Users/wwhynot/.p2/pool/plugins/org.apache.commons.cli_1.4.0.v20221112-0806.jar
2023-04-28 17:51:15,039 [Worker-14: Launching mavenrun-b880e6e1-b54c-4bf3-92fb-0ff10e9ce911] INFO  o.eclipse.m2e.core.internal.Bundles - getClasspathEntries(Bundle=com.google.guava.failureaccess_1.0.1 [11])
2023-04-28 17:51:15,040 [Worker-14: Launching mavenrun-b880e6e1-b54c-4bf3-92fb-0ff10e9ce911] INFO  o.eclipse.m2e.core.internal.Bundles - 	Entry: /Users/wwhynot/.p2/pool/plugins/com.google.guava.failureaccess_1.0.1.jar
2023-04-28 17:51:15,047 [Worker-14: Launching mavenrun-b880e6e1-b54c-4bf3-92fb-0ff10e9ce911] INFO  o.e.m.i.launch.MavenLaunchDelegate - Run build in "/var/folders/bn/dv0w82nd6t10l9l766hyw2340000gn/T/m2e-archetypeGenerator7803635175840200985":
2023-04-28 17:51:15,051 [Worker-14: Launching mavenrun-b880e6e1-b54c-4bf3-92fb-0ff10e9ce911] INFO  o.e.m.i.launch.MavenLaunchDelegate -  mvn  -DarchetypeGroupId=org.apache.maven.archetypes -DarchetypeArtifactId=maven-archetype-quickstart -DarchetypeVersion=1.4 -DgroupId=hackoverload -DartifactId=v1 -Dversion=0.0.1-SNAPSHOT -Dpackage=hackoverload.v1 -DoutputDirectory="/Users/wwhynot/Documents/Selenium-projects/Hack Overload Tests" -Dstyle.color=always -U archetype:generate
2023-04-28 17:51:35,278 [Worker-7: Creating maven-archetype-quickstart] INFO  o.e.m.c.i.p.ProjectConfigurationManager - Collecting project info '/pom.xml' /Users/wwhynot/Documents/Selenium-projects/Hack Overload Tests/v1/pom.xml
2023-04-28 17:51:35,929 [Worker-7: Creating maven-archetype-quickstart] INFO  o.e.m.c.i.l.LifecycleMappingFactory - Using org.eclipse.m2e.jdt.JarLifecycleMapping lifecycle mapping for MavenProject: hackoverload:v1:0.0.1-SNAPSHOT @ /Users/wwhynot/Documents/Selenium-projects/Hack Overload Tests/v1/pom.xml.
2023-04-28 17:51:36,319 [Worker-7: Creating maven-archetype-quickstart] INFO  o.e.m.j.i.AbstractJavaProjectConfigurator - Adding source folder /v1/src/main/java
2023-04-28 17:51:36,322 [Worker-7: Creating maven-archetype-quickstart] INFO  o.e.m.j.i.AbstractJavaProjectConfigurator - Adding source folder /v1/src/test/java
2023-04-28 17:51:36,401 [Worker-7: Creating maven-archetype-quickstart] INFO  o.e.m.c.i.p.ProjectConfigurationManager - Imported and configured 1 project(s) in 1 sec
2023-04-28 17:51:37,823 [Worker-24: Building] INFO  o.e.m.c.i.embedder.EclipseLogger - Using 'UTF-8' encoding to copy filtered resources.
2023-04-28 17:51:37,824 [Worker-24: Building] INFO  o.e.m.c.i.embedder.EclipseLogger - skip non existing resourceDirectory /Users/wwhynot/Documents/Selenium-projects/Hack Overload Tests/v1/src/main/resources
2023-04-28 17:51:37,827 [Worker-24: Building] INFO  o.e.m.c.i.embedder.EclipseLogger - Using 'UTF-8' encoding to copy filtered resources.
2023-04-28 17:51:37,827 [Worker-24: Building] INFO  o.e.m.c.i.embedder.EclipseLogger - skip non existing resourceDirectory /Users/wwhynot/Documents/Selenium-projects/Hack Overload Tests/v1/src/test/resources
2023-04-28 17:53:41,503 [Worker-27: Building] INFO  o.e.m.c.i.embedder.EclipseLogger - Using 'UTF-8' encoding to copy filtered resources.
2023-04-28 17:53:41,505 [Worker-27: Building] INFO  o.e.m.c.i.embedder.EclipseLogger - skip non existing resourceDirectory /Users/wwhynot/Documents/Selenium-projects/Hack Overload Tests/v1/src/main/resources
2023-04-28 17:53:41,508 [Worker-27: Building] INFO  o.e.m.c.i.embedder.EclipseLogger - Using 'UTF-8' encoding to copy filtered resources.
2023-04-28 17:53:41,509 [Worker-27: Building] INFO  o.e.m.c.i.embedder.EclipseLogger - skip non existing resourceDirectory /Users/wwhynot/Documents/Selenium-projects/Hack Overload Tests/v1/src/test/resources
2023-04-28 17:53:46,083 [Worker-24: Building] INFO  o.e.m.c.i.embedder.EclipseLogger - Using 'UTF-8' encoding to copy filtered resources.
2023-04-28 17:53:46,083 [Worker-24: Building] INFO  o.e.m.c.i.embedder.EclipseLogger - skip non existing resourceDirectory /Users/wwhynot/Documents/Selenium-projects/Hack Overload Tests/v1/src/main/resources
2023-04-28 17:53:46,085 [Worker-24: Building] INFO  o.e.m.c.i.embedder.EclipseLogger - Using 'UTF-8' encoding to copy filtered resources.
2023-04-28 17:53:46,085 [Worker-24: Building] INFO  o.e.m.c.i.embedder.EclipseLogger - skip non existing resourceDirectory /Users/wwhynot/Documents/Selenium-projects/Hack Overload Tests/v1/src/test/resources
2023-04-28 17:56:45,063 [Worker-28: Building] INFO  o.e.m.c.i.l.LifecycleMappingFactory - Using org.eclipse.m2e.jdt.JarLifecycleMapping lifecycle mapping for MavenProject: hackoverload:v1:0.0.1-SNAPSHOT @ /Users/wwhynot/Documents/Selenium-projects/Hack Overload Tests/v1/pom.xml.
2023-04-28 17:56:45,651 [Worker-28: Building] INFO  o.e.m.c.i.embedder.EclipseLogger - Using 'UTF-8' encoding to copy filtered resources.
2023-04-28 17:56:45,652 [Worker-28: Building] INFO  o.e.m.c.i.embedder.EclipseLogger - skip non existing resourceDirectory /Users/wwhynot/Documents/Selenium-projects/Hack Overload Tests/v1/src/main/resources
2023-04-28 17:56:45,655 [Worker-28: Building] INFO  o.e.m.c.i.embedder.EclipseLogger - Using 'UTF-8' encoding to copy filtered resources.
2023-04-28 17:56:45,655 [Worker-28: Building] INFO  o.e.m.c.i.embedder.EclipseLogger - skip non existing resourceDirectory /Users/wwhynot/Documents/Selenium-projects/Hack Overload Tests/v1/src/test/resources
2023-04-28 17:56:50,490 [Worker-29: Building] INFO  o.e.m.c.i.embedder.EclipseLogger - Using 'UTF-8' encoding to copy filtered resources.
2023-04-28 17:56:50,490 [Worker-29: Building] INFO  o.e.m.c.i.embedder.EclipseLogger - skip non existing resourceDirectory /Users/wwhynot/Documents/Selenium-projects/Hack Overload Tests/v1/src/main/resources
2023-04-28 17:56:50,492 [Worker-29: Building] INFO  o.e.m.c.i.embedder.EclipseLogger - Using 'UTF-8' encoding to copy filtered resources.
2023-04-28 17:56:50,492 [Worker-29: Building] INFO  o.e.m.c.i.embedder.EclipseLogger - skip non existing resourceDirectory /Users/wwhynot/Documents/Selenium-projects/Hack Overload Tests/v1/src/test/resources
2023-04-28 17:57:11,299 [Worker-29: Building] INFO  o.e.m.c.i.embedder.EclipseLogger - Using 'UTF-8' encoding to copy filtered resources.
2023-04-28 17:57:11,300 [Worker-29: Building] INFO  o.e.m.c.i.embedder.EclipseLogger - skip non existing resourceDirectory /Users/wwhynot/Documents/Selenium-projects/Hack Overload Tests/v1/src/main/resources
2023-04-28 17:57:11,303 [Worker-29: Building] INFO  o.e.m.c.i.embedder.EclipseLogger - Using 'UTF-8' encoding to copy filtered resources.
2023-04-28 17:57:11,303 [Worker-29: Building] INFO  o.e.m.c.i.embedder.EclipseLogger - skip non existing resourceDirectory /Users/wwhynot/Documents/Selenium-projects/Hack Overload Tests/v1/src/test/resources
2023-04-28 17:57:24,863 [Worker-28: Launching Executing test in _Users_wwhynot_Documents_Selenium-projects_Hack Overload Tests_v1] INFO  o.e.m.i.launch.MavenLaunchDelegate - Run build in "/Users/wwhynot/Documents/Selenium-projects/Hack Overload Tests/v1":
2023-04-28 17:57:24,863 [Worker-28: Launching Executing test in _Users_wwhynot_Documents_Selenium-projects_Hack Overload Tests_v1] INFO  o.e.m.i.launch.MavenLaunchDelegate -  mvn  -B -Dstyle.color=always test
2023-04-28 18:00:06,876 [Worker-26: Building] INFO  o.e.m.c.i.embedder.EclipseLogger - Using 'UTF-8' encoding to copy filtered resources.
2023-04-28 18:00:06,876 [Worker-26: Building] INFO  o.e.m.c.i.embedder.EclipseLogger - skip non existing resourceDirectory /Users/wwhynot/Documents/Selenium-projects/Hack Overload Tests/v1/src/main/resources
2023-04-28 18:00:06,878 [Worker-26: Building] INFO  o.e.m.c.i.embedder.EclipseLogger - Using 'UTF-8' encoding to copy filtered resources.
2023-04-28 18:00:06,878 [Worker-26: Building] INFO  o.e.m.c.i.embedder.EclipseLogger - skip non existing resourceDirectory /Users/wwhynot/Documents/Selenium-projects/Hack Overload Tests/v1/src/test/resources
2023-04-28 18:00:16,849 [Worker-30: Launching Executing test in _Users_wwhynot_Documents_Selenium-projects_Hack Overload Tests_v1] INFO  o.e.m.i.launch.MavenLaunchDelegate - Run build in "/Users/wwhynot/Documents/Selenium-projects/Hack Overload Tests/v1":
2023-04-28 18:00:16,849 [Worker-30: Launching Executing test in _Users_wwhynot_Documents_Selenium-projects_Hack Overload Tests_v1] INFO  o.e.m.i.launch.MavenLaunchDelegate -  mvn  -B -Dstyle.color=always test
2023-04-28 18:03:27,333 [Worker-6: Loading available Gradle versions] INFO  o.e.b.c.i.u.g.PublishedGradleVersions - Gradle version information cache is up-to-date. Trying to read.
2023-04-28 18:06:20,087 [Worker-12: Building] INFO  o.e.m.c.i.embedder.EclipseLogger - Using 'UTF-8' encoding to copy filtered resources.
2023-04-28 18:06:20,088 [Worker-12: Building] INFO  o.e.m.c.i.embedder.EclipseLogger - skip non existing resourceDirectory /Users/wwhynot/Documents/Selenium-projects/Hack Overload Tests/v1/src/main/resources
2023-04-28 18:06:20,091 [Worker-12: Building] INFO  o.e.m.c.i.embedder.EclipseLogger - Using 'UTF-8' encoding to copy filtered resources.
2023-04-28 18:06:20,091 [Worker-12: Building] INFO  o.e.m.c.i.embedder.EclipseLogger - skip non existing resourceDirectory /Users/wwhynot/Documents/Selenium-projects/Hack Overload Tests/v1/src/test/resources
2023-04-28 18:10:05,000 [Worker-22: Launching Executing test in _Users_wwhynot_Documents_Selenium-projects_Hack Overload Tests_v1] INFO  o.eclipse.m2e.core.internal.Bundles - getClasspathEntries(Bundle=org.eclipse.m2e.maven.runtime_3.8.701.20230209-1606 [265])
2023-04-28 18:10:05,007 [Worker-22: Launching Executing test in _Users_wwhynot_Documents_Selenium-projects_Hack Overload Tests_v1] INFO  o.eclipse.m2e.core.internal.Bundles - 	Entry: /Users/wwhynot/.p2/pool/plugins/org.eclipse.m2e.maven.runtime_3.8.701.20230209-1606
2023-04-28 18:10:05,008 [Worker-22: Launching Executing test in _Users_wwhynot_Documents_Selenium-projects_Hack Overload Tests_v1] INFO  o.eclipse.m2e.core.internal.Bundles - 	Entry: /Users/wwhynot/.p2/pool/plugins/org.eclipse.m2e.maven.runtime_3.8.701.20230209-1606/jars/aether-connector-okhttp-0.17.8.jar
2023-04-28 18:10:05,008 [Worker-22: Launching Executing test in _Users_wwhynot_Documents_Selenium-projects_Hack Overload Tests_v1] INFO  o.eclipse.m2e.core.internal.Bundles - 	Entry: /Users/wwhynot/.p2/pool/plugins/org.eclipse.m2e.maven.runtime_3.8.701.20230209-1606/jars/commons-lang3-3.8.1.jar
2023-04-28 18:10:05,008 [Worker-22: Launching Executing test in _Users_wwhynot_Documents_Selenium-projects_Hack Overload Tests_v1] INFO  o.eclipse.m2e.core.internal.Bundles - 	Entry: /Users/wwhynot/.p2/pool/plugins/org.eclipse.m2e.maven.runtime_3.8.701.20230209-1606/jars/guice-4.2.2-no_aop.jar
2023-04-28 18:10:05,008 [Worker-22: Launching Executing test in _Users_wwhynot_Documents_Selenium-projects_Hack Overload Tests_v1] INFO  o.eclipse.m2e.core.internal.Bundles - 	Entry: /Users/wwhynot/.p2/pool/plugins/org.eclipse.m2e.maven.runtime_3.8.701.20230209-1606/jars/jansi-2.4.0.jar
2023-04-28 18:10:05,008 [Worker-22: Launching Executing test in _Users_wwhynot_Documents_Selenium-projects_Hack Overload Tests_v1] INFO  o.eclipse.m2e.core.internal.Bundles - 	Entry: /Users/wwhynot/.p2/pool/plugins/org.eclipse.m2e.maven.runtime_3.8.701.20230209-1606/jars/maven-artifact-3.8.7.jar
2023-04-28 18:10:05,008 [Worker-22: Launching Executing test in _Users_wwhynot_Documents_Selenium-projects_Hack Overload Tests_v1] INFO  o.eclipse.m2e.core.internal.Bundles - 	Entry: /Users/wwhynot/.p2/pool/plugins/org.eclipse.m2e.maven.runtime_3.8.701.20230209-1606/jars/maven-builder-support-3.8.7.jar
2023-04-28 18:10:05,008 [Worker-22: Launching Executing test in _Users_wwhynot_Documents_Selenium-projects_Hack Overload Tests_v1] INFO  o.eclipse.m2e.core.internal.Bundles - 	Entry: /Users/wwhynot/.p2/pool/plugins/org.eclipse.m2e.maven.runtime_3.8.701.20230209-1606/jars/maven-compat-3.8.7.jar
2023-04-28 18:10:05,008 [Worker-22: Launching Executing test in _Users_wwhynot_Documents_Selenium-projects_Hack Overload Tests_v1] INFO  o.eclipse.m2e.core.internal.Bundles - 	Entry: /Users/wwhynot/.p2/pool/plugins/org.eclipse.m2e.maven.runtime_3.8.701.20230209-1606/jars/maven-core-3.8.7.jar
2023-04-28 18:10:05,008 [Worker-22: Launching Executing test in _Users_wwhynot_Documents_Selenium-projects_Hack Overload Tests_v1] INFO  o.eclipse.m2e.core.internal.Bundles - 	Entry: /Users/wwhynot/.p2/pool/plugins/org.eclipse.m2e.maven.runtime_3.8.701.20230209-1606/jars/maven-embedder-3.8.7.jar
2023-04-28 18:10:05,008 [Worker-22: Launching Executing test in _Users_wwhynot_Documents_Selenium-projects_Hack Overload Tests_v1] INFO  o.eclipse.m2e.core.internal.Bundles - 	Entry: /Users/wwhynot/.p2/pool/plugins/org.eclipse.m2e.maven.runtime_3.8.701.20230209-1606/jars/maven-model-3.8.7.jar
2023-04-28 18:10:05,008 [Worker-22: Launching Executing test in _Users_wwhynot_Documents_Selenium-projects_Hack Overload Tests_v1] INFO  o.eclipse.m2e.core.internal.Bundles - 	Entry: /Users/wwhynot/.p2/pool/plugins/org.eclipse.m2e.maven.runtime_3.8.701.20230209-1606/jars/maven-model-builder-3.8.7.jar
2023-04-28 18:10:05,009 [Worker-22: Launching Executing test in _Users_wwhynot_Documents_Selenium-projects_Hack Overload Tests_v1] INFO  o.eclipse.m2e.core.internal.Bundles - 	Entry: /Users/wwhynot/.p2/pool/plugins/org.eclipse.m2e.maven.runtime_3.8.701.20230209-1606/jars/maven-plugin-api-3.8.7.jar
2023-04-28 18:10:05,009 [Worker-22: Launching Executing test in _Users_wwhynot_Documents_Selenium-projects_Hack Overload Tests_v1] INFO  o.eclipse.m2e.core.internal.Bundles - 	Entry: /Users/wwhynot/.p2/pool/plugins/org.eclipse.m2e.maven.runtime_3.8.701.20230209-1606/jars/maven-repository-metadata-3.8.7.jar
2023-04-28 18:10:05,009 [Worker-22: Launching Executing test in _Users_wwhynot_Documents_Selenium-projects_Hack Overload Tests_v1] INFO  o.eclipse.m2e.core.internal.Bundles - 	Entry: /Users/wwhynot/.p2/pool/plugins/org.eclipse.m2e.maven.runtime_3.8.701.20230209-1606/jars/maven-resolver-api-1.6.3.jar
2023-04-28 18:10:05,009 [Worker-22: Launching Executing test in _Users_wwhynot_Documents_Selenium-projects_Hack Overload Tests_v1] INFO  o.eclipse.m2e.core.internal.Bundles - 	Entry: /Users/wwhynot/.p2/pool/plugins/org.eclipse.m2e.maven.runtime_3.8.701.20230209-1606/jars/maven-resolver-connector-basic-1.6.3.jar
2023-04-28 18:10:05,009 [Worker-22: Launching Executing test in _Users_wwhynot_Documents_Selenium-projects_Hack Overload Tests_v1] INFO  o.eclipse.m2e.core.internal.Bundles - 	Entry: /Users/wwhynot/.p2/pool/plugins/org.eclipse.m2e.maven.runtime_3.8.701.20230209-1606/jars/maven-resolver-impl-1.6.3.jar
2023-04-28 18:10:05,009 [Worker-22: Launching Executing test in _Users_wwhynot_Documents_Selenium-projects_Hack Overload Tests_v1] INFO  o.eclipse.m2e.core.internal.Bundles - 	Entry: /Users/wwhynot/.p2/pool/plugins/org.eclipse.m2e.maven.runtime_3.8.701.20230209-1606/jars/maven-resolver-provider-3.8.7.jar
2023-04-28 18:10:05,009 [Worker-22: Launching Executing test in _Users_wwhynot_Documents_Selenium-projects_Hack Overload Tests_v1] INFO  o.eclipse.m2e.core.internal.Bundles - 	Entry: /Users/wwhynot/.p2/pool/plugins/org.eclipse.m2e.maven.runtime_3.8.701.20230209-1606/jars/maven-resolver-spi-1.6.3.jar
2023-04-28 18:10:05,009 [Worker-22: Launching Executing test in _Users_wwhynot_Documents_Selenium-projects_Hack Overload Tests_v1] INFO  o.eclipse.m2e.core.internal.Bundles - 	Entry: /Users/wwhynot/.p2/pool/plugins/org.eclipse.m2e.maven.runtime_3.8.701.20230209-1606/jars/maven-resolver-transport-wagon-1.6.3.jar
2023-04-28 18:10:05,009 [Worker-22: Launching Executing test in _Users_wwhynot_Documents_Selenium-projects_Hack Overload Tests_v1] INFO  o.eclipse.m2e.core.internal.Bundles - 	Entry: /Users/wwhynot/.p2/pool/plugins/org.eclipse.m2e.maven.runtime_3.8.701.20230209-1606/jars/maven-resolver-util-1.6.3.jar
2023-04-28 18:10:05,009 [Worker-22: Launching Executing test in _Users_wwhynot_Documents_Selenium-projects_Hack Overload Tests_v1] INFO  o.eclipse.m2e.core.internal.Bundles - 	Entry: /Users/wwhynot/.p2/pool/plugins/org.eclipse.m2e.maven.runtime_3.8.701.20230209-1606/jars/maven-settings-3.8.7.jar
2023-04-28 18:10:05,009 [Worker-22: Launching Executing test in _Users_wwhynot_Documents_Selenium-projects_Hack Overload Tests_v1] INFO  o.eclipse.m2e.core.internal.Bundles - 	Entry: /Users/wwhynot/.p2/pool/plugins/org.eclipse.m2e.maven.runtime_3.8.701.20230209-1606/jars/maven-settings-builder-3.8.7.jar
2023-04-28 18:10:05,009 [Worker-22: Launching Executing test in _Users_wwhynot_Documents_Selenium-projects_Hack Overload Tests_v1] INFO  o.eclipse.m2e.core.internal.Bundles - 	Entry: /Users/wwhynot/.p2/pool/plugins/org.eclipse.m2e.maven.runtime_3.8.701.20230209-1606/jars/maven-shared-utils-3.3.4.jar
2023-04-28 18:10:05,009 [Worker-22: Launching Executing test in _Users_wwhynot_Documents_Selenium-projects_Hack Overload Tests_v1] INFO  o.eclipse.m2e.core.internal.Bundles - 	Entry: /Users/wwhynot/.p2/pool/plugins/org.eclipse.m2e.maven.runtime_3.8.701.20230209-1606/jars/okhttp-3.14.1.jar
2023-04-28 18:10:05,010 [Worker-22: Launching Executing test in _Users_wwhynot_Documents_Selenium-projects_Hack Overload Tests_v1] INFO  o.eclipse.m2e.core.internal.Bundles - 	Entry: /Users/wwhynot/.p2/pool/plugins/org.eclipse.m2e.maven.runtime_3.8.701.20230209-1606/jars/okio-1.17.3.jar
2023-04-28 18:10:05,010 [Worker-22: Launching Executing test in _Users_wwhynot_Documents_Selenium-projects_Hack Overload Tests_v1] INFO  o.eclipse.m2e.core.internal.Bundles - 	Entry: /Users/wwhynot/.p2/pool/plugins/org.eclipse.m2e.maven.runtime_3.8.701.20230209-1606/jars/org.eclipse.sisu.inject-0.3.5.jar
2023-04-28 18:10:05,010 [Worker-22: Launching Executing test in _Users_wwhynot_Documents_Selenium-projects_Hack Overload Tests_v1] INFO  o.eclipse.m2e.core.internal.Bundles - 	Entry: /Users/wwhynot/.p2/pool/plugins/org.eclipse.m2e.maven.runtime_3.8.701.20230209-1606/jars/org.eclipse.sisu.plexus-0.3.5.jar
2023-04-28 18:10:05,010 [Worker-22: Launching Executing test in _Users_wwhynot_Documents_Selenium-projects_Hack Overload Tests_v1] INFO  o.eclipse.m2e.core.internal.Bundles - 	Entry: /Users/wwhynot/.p2/pool/plugins/org.eclipse.m2e.maven.runtime_3.8.701.20230209-1606/jars/plexus-build-api-0.0.7.jar
2023-04-28 18:10:05,010 [Worker-22: Launching Executing test in _Users_wwhynot_Documents_Selenium-projects_Hack Overload Tests_v1] INFO  o.eclipse.m2e.core.internal.Bundles - 	Entry: /Users/wwhynot/.p2/pool/plugins/org.eclipse.m2e.maven.runtime_3.8.701.20230209-1606/jars/plexus-cipher-2.0.jar
2023-04-28 18:10:05,010 [Worker-22: Launching Executing test in _Users_wwhynot_Documents_Selenium-projects_Hack Overload Tests_v1] INFO  o.eclipse.m2e.core.internal.Bundles - 	Entry: /Users/wwhynot/.p2/pool/plugins/org.eclipse.m2e.maven.runtime_3.8.701.20230209-1606/jars/plexus-classworlds-2.6.0.jar
2023-04-28 18:10:05,010 [Worker-22: Launching Executing test in _Users_wwhynot_Documents_Selenium-projects_Hack Overload Tests_v1] INFO  o.eclipse.m2e.core.internal.Bundles - 	Entry: /Users/wwhynot/.p2/pool/plugins/org.eclipse.m2e.maven.runtime_3.8.701.20230209-1606/jars/plexus-component-annotations-2.1.0.jar
2023-04-28 18:10:05,010 [Worker-22: Launching Executing test in _Users_wwhynot_Documents_Selenium-projects_Hack Overload Tests_v1] INFO  o.eclipse.m2e.core.internal.Bundles - 	Entry: /Users/wwhynot/.p2/pool/plugins/org.eclipse.m2e.maven.runtime_3.8.701.20230209-1606/jars/plexus-interpolation-1.26.jar
2023-04-28 18:10:05,010 [Worker-22: Launching Executing test in _Users_wwhynot_Documents_Selenium-projects_Hack Overload Tests_v1] INFO  o.eclipse.m2e.core.internal.Bundles - 	Entry: /Users/wwhynot/.p2/pool/plugins/org.eclipse.m2e.maven.runtime_3.8.701.20230209-1606/jars/plexus-sec-dispatcher-2.0.jar
2023-04-28 18:10:05,011 [Worker-22: Launching Executing test in _Users_wwhynot_Documents_Selenium-projects_Hack Overload Tests_v1] INFO  o.eclipse.m2e.core.internal.Bundles - 	Entry: /Users/wwhynot/.p2/pool/plugins/org.eclipse.m2e.maven.runtime_3.8.701.20230209-1606/jars/plexus-utils-3.3.1.jar
2023-04-28 18:10:05,011 [Worker-22: Launching Executing test in _Users_wwhynot_Documents_Selenium-projects_Hack Overload Tests_v1] INFO  o.eclipse.m2e.core.internal.Bundles - 	Entry: /Users/wwhynot/.p2/pool/plugins/org.eclipse.m2e.maven.runtime_3.8.701.20230209-1606/jars/wagon-file-3.5.3.jar
2023-04-28 18:10:05,011 [Worker-22: Launching Executing test in _Users_wwhynot_Documents_Selenium-projects_Hack Overload Tests_v1] INFO  o.eclipse.m2e.core.internal.Bundles - 	Entry: /Users/wwhynot/.p2/pool/plugins/org.eclipse.m2e.maven.runtime_3.8.701.20230209-1606/jars/wagon-provider-api-3.5.3.jar
2023-04-28 18:10:05,013 [Worker-22: Launching Executing test in _Users_wwhynot_Documents_Selenium-projects_Hack Overload Tests_v1] INFO  o.eclipse.m2e.core.internal.Bundles - getClasspathEntries(Bundle=com.google.guava_31.1.0.jre [9])
2023-04-28 18:10:05,013 [Worker-22: Launching Executing test in _Users_wwhynot_Documents_Selenium-projects_Hack Overload Tests_v1] INFO  o.eclipse.m2e.core.internal.Bundles - 	Entry: /Users/wwhynot/.p2/pool/plugins/com.google.guava_31.1.0.jre.jar
2023-04-28 18:10:05,013 [Worker-22: Launching Executing test in _Users_wwhynot_Documents_Selenium-projects_Hack Overload Tests_v1] INFO  o.eclipse.m2e.core.internal.Bundles - getClasspathEntries(Bundle=slf4j.api_1.7.36 [432])
2023-04-28 18:10:05,014 [Worker-22: Launching Executing test in _Users_wwhynot_Documents_Selenium-projects_Hack Overload Tests_v1] INFO  o.eclipse.m2e.core.internal.Bundles - 	Entry: /Users/wwhynot/.p2/pool/plugins/slf4j.api_1.7.36.jar
2023-04-28 18:10:05,014 [Worker-22: Launching Executing test in _Users_wwhynot_Documents_Selenium-projects_Hack Overload Tests_v1] INFO  o.eclipse.m2e.core.internal.Bundles - getClasspathEntries(Bundle=javax.inject_1.0.0.v20220405-0441 [21])
2023-04-28 18:10:05,014 [Worker-22: Launching Executing test in _Users_wwhynot_Documents_Selenium-projects_Hack Overload Tests_v1] INFO  o.eclipse.m2e.core.internal.Bundles - 	Entry: /Users/wwhynot/.p2/pool/plugins/javax.inject_1.0.0.v20220405-0441.jar
2023-04-28 18:10:05,015 [Worker-22: Launching Executing test in _Users_wwhynot_Documents_Selenium-projects_Hack Overload Tests_v1] INFO  o.eclipse.m2e.core.internal.Bundles - getClasspathEntries(Bundle=javax.annotation_1.3.5.v20221203-1659 [19])
2023-04-28 18:10:05,016 [Worker-22: Launching Executing test in _Users_wwhynot_Documents_Selenium-projects_Hack Overload Tests_v1] INFO  o.eclipse.m2e.core.internal.Bundles - 	Entry: /Users/wwhynot/.p2/pool/plugins/javax.annotation_1.3.5.v20221203-1659.jar
2023-04-28 18:10:05,016 [Worker-22: Launching Executing test in _Users_wwhynot_Documents_Selenium-projects_Hack Overload Tests_v1] INFO  o.eclipse.m2e.core.internal.Bundles - getClasspathEntries(Bundle=org.apache.commons.cli_1.4.0.v20221112-0806 [41])
2023-04-28 18:10:05,017 [Worker-22: Launching Executing test in _Users_wwhynot_Documents_Selenium-projects_Hack Overload Tests_v1] INFO  o.eclipse.m2e.core.internal.Bundles - 	Entry: /Users/wwhynot/.p2/pool/plugins/org.apache.commons.cli_1.4.0.v20221112-0806.jar
2023-04-28 18:10:05,017 [Worker-22: Launching Executing test in _Users_wwhynot_Documents_Selenium-projects_Hack Overload Tests_v1] INFO  o.eclipse.m2e.core.internal.Bundles - getClasspathEntries(Bundle=com.google.guava.failureaccess_1.0.1 [11])
2023-04-28 18:10:05,019 [Worker-22: Launching Executing test in _Users_wwhynot_Documents_Selenium-projects_Hack Overload Tests_v1] INFO  o.eclipse.m2e.core.internal.Bundles - 	Entry: /Users/wwhynot/.p2/pool/plugins/com.google.guava.failureaccess_1.0.1.jar
2023-04-28 18:10:05,028 [Worker-22: Launching Executing test in _Users_wwhynot_Documents_Selenium-projects_Hack Overload Tests_v1] INFO  o.e.m.i.launch.MavenLaunchDelegate - Run build in "/Users/wwhynot/Documents/Selenium-projects/Hack Overload Tests/v1":
2023-04-28 18:10:05,032 [Worker-22: Launching Executing test in _Users_wwhynot_Documents_Selenium-projects_Hack Overload Tests_v1] INFO  o.e.m.i.launch.MavenLaunchDelegate -  mvn  -B -Dstyle.color=always test
2023-04-28 18:29:10,003 [Worker-29: Building] INFO  o.e.m.c.i.embedder.EclipseLogger - Using 'UTF-8' encoding to copy filtered resources.
2023-04-28 18:29:10,006 [Worker-29: Building] INFO  o.e.m.c.i.embedder.EclipseLogger - skip non existing resourceDirectory /Users/wwhynot/Documents/Selenium-projects/Hack Overload Tests/v1/src/main/resources
2023-04-28 18:29:10,009 [Worker-29: Building] INFO  o.e.m.c.i.embedder.EclipseLogger - Using 'UTF-8' encoding to copy filtered resources.
2023-04-28 18:29:10,010 [Worker-29: Building] INFO  o.e.m.c.i.embedder.EclipseLogger - skip non existing resourceDirectory /Users/wwhynot/Documents/Selenium-projects/Hack Overload Tests/v1/src/test/resources
2023-04-28 18:29:11,608 [Worker-25: Building] INFO  o.e.m.c.i.embedder.EclipseLogger - Using 'UTF-8' encoding to copy filtered resources.
2023-04-28 18:29:11,609 [Worker-25: Building] INFO  o.e.m.c.i.embedder.EclipseLogger - skip non existing resourceDirectory /Users/wwhynot/Documents/Selenium-projects/Hack Overload Tests/v1/src/main/resources
2023-04-28 18:29:11,611 [Worker-25: Building] INFO  o.e.m.c.i.embedder.EclipseLogger - Using 'UTF-8' encoding to copy filtered resources.
2023-04-28 18:29:11,611 [Worker-25: Building] INFO  o.e.m.c.i.embedder.EclipseLogger - skip non existing resourceDirectory /Users/wwhynot/Documents/Selenium-projects/Hack Overload Tests/v1/src/test/resources
2023-04-28 18:29:17,384 [Worker-30: Launching Executing test in _Users_wwhynot_Documents_Selenium-projects_Hack Overload Tests_v1] INFO  o.e.m.i.launch.MavenLaunchDelegate - Run build in "/Users/wwhynot/Documents/Selenium-projects/Hack Overload Tests/v1":
2023-04-28 18:29:17,385 [Worker-30: Launching Executing test in _Users_wwhynot_Documents_Selenium-projects_Hack Overload Tests_v1] INFO  o.e.m.i.launch.MavenLaunchDelegate -  mvn  -B -Dstyle.color=always test
2023-05-01 16:20:12,746 [Worker-4: Loading available Gradle versions] INFO  o.e.b.c.i.u.g.PublishedGradleVersions - Gradle version information cache is out-of-date. Trying to update.
2023-05-01 16:21:43,330 [Worker-9: Building] INFO  o.e.m.c.i.embedder.EclipseLogger - Using 'UTF-8' encoding to copy filtered resources.
2023-05-01 16:21:43,332 [Worker-9: Building] INFO  o.e.m.c.i.embedder.EclipseLogger - skip non existing resourceDirectory /Users/wwhynot/Documents/Selenium-projects/Hack Overload Tests/v1/src/main/resources
2023-05-01 16:21:43,335 [Worker-9: Building] INFO  o.e.m.c.i.embedder.EclipseLogger - Using 'UTF-8' encoding to copy filtered resources.
2023-05-01 16:21:43,336 [Worker-9: Building] INFO  o.e.m.c.i.embedder.EclipseLogger - skip non existing resourceDirectory /Users/wwhynot/Documents/Selenium-projects/Hack Overload Tests/v1/src/test/resources
2023-05-01 16:21:52,768 [Worker-13: Building] INFO  o.e.m.c.i.embedder.EclipseLogger - Using 'UTF-8' encoding to copy filtered resources.
2023-05-01 16:21:52,768 [Worker-13: Building] INFO  o.e.m.c.i.embedder.EclipseLogger - skip non existing resourceDirectory /Users/wwhynot/Documents/Selenium-projects/Hack Overload Tests/v1/src/main/resources
2023-05-01 16:21:52,770 [Worker-13: Building] INFO  o.e.m.c.i.embedder.EclipseLogger - Using 'UTF-8' encoding to copy filtered resources.
2023-05-01 16:21:52,770 [Worker-13: Building] INFO  o.e.m.c.i.embedder.EclipseLogger - skip non existing resourceDirectory /Users/wwhynot/Documents/Selenium-projects/Hack Overload Tests/v1/src/test/resources
2023-05-01 18:00:51,472 [Worker-25: Building] INFO  o.e.m.c.i.embedder.EclipseLogger - Using 'UTF-8' encoding to copy filtered resources.
2023-05-01 18:00:51,473 [Worker-25: Building] INFO  o.e.m.c.i.embedder.EclipseLogger - skip non existing resourceDirectory /Users/wwhynot/Documents/Selenium-projects/Hack Overload Tests/v1/src/main/resources
2023-05-01 18:00:51,480 [Worker-25: Building] INFO  o.e.m.c.i.embedder.EclipseLogger - Using 'UTF-8' encoding to copy filtered resources.
2023-05-01 18:00:51,480 [Worker-25: Building] INFO  o.e.m.c.i.embedder.EclipseLogger - skip non existing resourceDirectory /Users/wwhynot/Documents/Selenium-projects/Hack Overload Tests/v1/src/test/resources
2023-05-01 18:06:17,806 [Worker-30: Building] INFO  o.e.m.c.i.embedder.EclipseLogger - Using 'UTF-8' encoding to copy filtered resources.
2023-05-01 18:06:17,806 [Worker-30: Building] INFO  o.e.m.c.i.embedder.EclipseLogger - skip non existing resourceDirectory /Users/wwhynot/Documents/Selenium-projects/Hack Overload Tests/v1/src/main/resources
2023-05-01 18:06:17,809 [Worker-30: Building] INFO  o.e.m.c.i.embedder.EclipseLogger - Using 'UTF-8' encoding to copy filtered resources.
2023-05-01 18:06:17,809 [Worker-30: Building] INFO  o.e.m.c.i.embedder.EclipseLogger - skip non existing resourceDirectory /Users/wwhynot/Documents/Selenium-projects/Hack Overload Tests/v1/src/test/resources
2023-05-01 18:15:27,886 [Worker-36: Launching Executing test in _Users_wwhynot_Documents_Selenium-projects_Hack Overload Tests_v1] INFO  o.eclipse.m2e.core.internal.Bundles - getClasspathEntries(Bundle=org.eclipse.m2e.maven.runtime_3.8.701.20230209-1606 [265])
2023-05-01 18:15:27,895 [Worker-36: Launching Executing test in _Users_wwhynot_Documents_Selenium-projects_Hack Overload Tests_v1] INFO  o.eclipse.m2e.core.internal.Bundles - 	Entry: /Users/wwhynot/.p2/pool/plugins/org.eclipse.m2e.maven.runtime_3.8.701.20230209-1606
2023-05-01 18:15:27,895 [Worker-36: Launching Executing test in _Users_wwhynot_Documents_Selenium-projects_Hack Overload Tests_v1] INFO  o.eclipse.m2e.core.internal.Bundles - 	Entry: /Users/wwhynot/.p2/pool/plugins/org.eclipse.m2e.maven.runtime_3.8.701.20230209-1606/jars/aether-connector-okhttp-0.17.8.jar
2023-05-01 18:15:27,895 [Worker-36: Launching Executing test in _Users_wwhynot_Documents_Selenium-projects_Hack Overload Tests_v1] INFO  o.eclipse.m2e.core.internal.Bundles - 	Entry: /Users/wwhynot/.p2/pool/plugins/org.eclipse.m2e.maven.runtime_3.8.701.20230209-1606/jars/commons-lang3-3.8.1.jar
2023-05-01 18:15:27,895 [Worker-36: Launching Executing test in _Users_wwhynot_Documents_Selenium-projects_Hack Overload Tests_v1] INFO  o.eclipse.m2e.core.internal.Bundles - 	Entry: /Users/wwhynot/.p2/pool/plugins/org.eclipse.m2e.maven.runtime_3.8.701.20230209-1606/jars/guice-4.2.2-no_aop.jar
2023-05-01 18:15:27,895 [Worker-36: Launching Executing test in _Users_wwhynot_Documents_Selenium-projects_Hack Overload Tests_v1] INFO  o.eclipse.m2e.core.internal.Bundles - 	Entry: /Users/wwhynot/.p2/pool/plugins/org.eclipse.m2e.maven.runtime_3.8.701.20230209-1606/jars/jansi-2.4.0.jar
2023-05-01 18:15:27,896 [Worker-36: Launching Executing test in _Users_wwhynot_Documents_Selenium-projects_Hack Overload Tests_v1] INFO  o.eclipse.m2e.core.internal.Bundles - 	Entry: /Users/wwhynot/.p2/pool/plugins/org.eclipse.m2e.maven.runtime_3.8.701.20230209-1606/jars/maven-artifact-3.8.7.jar
2023-05-01 18:15:27,896 [Worker-36: Launching Executing test in _Users_wwhynot_Documents_Selenium-projects_Hack Overload Tests_v1] INFO  o.eclipse.m2e.core.internal.Bundles - 	Entry: /Users/wwhynot/.p2/pool/plugins/org.eclipse.m2e.maven.runtime_3.8.701.20230209-1606/jars/maven-builder-support-3.8.7.jar
2023-05-01 18:15:27,896 [Worker-36: Launching Executing test in _Users_wwhynot_Documents_Selenium-projects_Hack Overload Tests_v1] INFO  o.eclipse.m2e.core.internal.Bundles - 	Entry: /Users/wwhynot/.p2/pool/plugins/org.eclipse.m2e.maven.runtime_3.8.701.20230209-1606/jars/maven-compat-3.8.7.jar
2023-05-01 18:15:27,896 [Worker-36: Launching Executing test in _Users_wwhynot_Documents_Selenium-projects_Hack Overload Tests_v1] INFO  o.eclipse.m2e.core.internal.Bundles - 	Entry: /Users/wwhynot/.p2/pool/plugins/org.eclipse.m2e.maven.runtime_3.8.701.20230209-1606/jars/maven-core-3.8.7.jar
2023-05-01 18:15:27,896 [Worker-36: Launching Executing test in _Users_wwhynot_Documents_Selenium-projects_Hack Overload Tests_v1] INFO  o.eclipse.m2e.core.internal.Bundles - 	Entry: /Users/wwhynot/.p2/pool/plugins/org.eclipse.m2e.maven.runtime_3.8.701.20230209-1606/jars/maven-embedder-3.8.7.jar
2023-05-01 18:15:27,896 [Worker-36: Launching Executing test in _Users_wwhynot_Documents_Selenium-projects_Hack Overload Tests_v1] INFO  o.eclipse.m2e.core.internal.Bundles - 	Entry: /Users/wwhynot/.p2/pool/plugins/org.eclipse.m2e.maven.runtime_3.8.701.20230209-1606/jars/maven-model-3.8.7.jar
2023-05-01 18:15:27,896 [Worker-36: Launching Executing test in _Users_wwhynot_Documents_Selenium-projects_Hack Overload Tests_v1] INFO  o.eclipse.m2e.core.internal.Bundles - 	Entry: /Users/wwhynot/.p2/pool/plugins/org.eclipse.m2e.maven.runtime_3.8.701.20230209-1606/jars/maven-model-builder-3.8.7.jar
2023-05-01 18:15:27,896 [Worker-36: Launching Executing test in _Users_wwhynot_Documents_Selenium-projects_Hack Overload Tests_v1] INFO  o.eclipse.m2e.core.internal.Bundles - 	Entry: /Users/wwhynot/.p2/pool/plugins/org.eclipse.m2e.maven.runtime_3.8.701.20230209-1606/jars/maven-plugin-api-3.8.7.jar
2023-05-01 18:15:27,896 [Worker-36: Launching Executing test in _Users_wwhynot_Documents_Selenium-projects_Hack Overload Tests_v1] INFO  o.eclipse.m2e.core.internal.Bundles - 	Entry: /Users/wwhynot/.p2/pool/plugins/org.eclipse.m2e.maven.runtime_3.8.701.20230209-1606/jars/maven-repository-metadata-3.8.7.jar
2023-05-01 18:15:27,896 [Worker-36: Launching Executing test in _Users_wwhynot_Documents_Selenium-projects_Hack Overload Tests_v1] INFO  o.eclipse.m2e.core.internal.Bundles - 	Entry: /Users/wwhynot/.p2/pool/plugins/org.eclipse.m2e.maven.runtime_3.8.701.20230209-1606/jars/maven-resolver-api-1.6.3.jar
2023-05-01 18:15:27,896 [Worker-36: Launching Executing test in _Users_wwhynot_Documents_Selenium-projects_Hack Overload Tests_v1] INFO  o.eclipse.m2e.core.internal.Bundles - 	Entry: /Users/wwhynot/.p2/pool/plugins/org.eclipse.m2e.maven.runtime_3.8.701.20230209-1606/jars/maven-resolver-connector-basic-1.6.3.jar
2023-05-01 18:15:27,896 [Worker-36: Launching Executing test in _Users_wwhynot_Documents_Selenium-projects_Hack Overload Tests_v1] INFO  o.eclipse.m2e.core.internal.Bundles - 	Entry: /Users/wwhynot/.p2/pool/plugins/org.eclipse.m2e.maven.runtime_3.8.701.20230209-1606/jars/maven-resolver-impl-1.6.3.jar
2023-05-01 18:15:27,896 [Worker-36: Launching Executing test in _Users_wwhynot_Documents_Selenium-projects_Hack Overload Tests_v1] INFO  o.eclipse.m2e.core.internal.Bundles - 	Entry: /Users/wwhynot/.p2/pool/plugins/org.eclipse.m2e.maven.runtime_3.8.701.20230209-1606/jars/maven-resolver-provider-3.8.7.jar
2023-05-01 18:15:27,896 [Worker-36: Launching Executing test in _Users_wwhynot_Documents_Selenium-projects_Hack Overload Tests_v1] INFO  o.eclipse.m2e.core.internal.Bundles - 	Entry: /Users/wwhynot/.p2/pool/plugins/org.eclipse.m2e.maven.runtime_3.8.701.20230209-1606/jars/maven-resolver-spi-1.6.3.jar
2023-05-01 18:15:27,896 [Worker-36: Launching Executing test in _Users_wwhynot_Documents_Selenium-projects_Hack Overload Tests_v1] INFO  o.eclipse.m2e.core.internal.Bundles - 	Entry: /Users/wwhynot/.p2/pool/plugins/org.eclipse.m2e.maven.runtime_3.8.701.20230209-1606/jars/maven-resolver-transport-wagon-1.6.3.jar
2023-05-01 18:15:27,897 [Worker-36: Launching Executing test in _Users_wwhynot_Documents_Selenium-projects_Hack Overload Tests_v1] INFO  o.eclipse.m2e.core.internal.Bundles - 	Entry: /Users/wwhynot/.p2/pool/plugins/org.eclipse.m2e.maven.runtime_3.8.701.20230209-1606/jars/maven-resolver-util-1.6.3.jar
2023-05-01 18:15:27,897 [Worker-36: Launching Executing test in _Users_wwhynot_Documents_Selenium-projects_Hack Overload Tests_v1] INFO  o.eclipse.m2e.core.internal.Bundles - 	Entry: /Users/wwhynot/.p2/pool/plugins/org.eclipse.m2e.maven.runtime_3.8.701.20230209-1606/jars/maven-settings-3.8.7.jar
2023-05-01 18:15:27,897 [Worker-36: Launching Executing test in _Users_wwhynot_Documents_Selenium-projects_Hack Overload Tests_v1] INFO  o.eclipse.m2e.core.internal.Bundles - 	Entry: /Users/wwhynot/.p2/pool/plugins/org.eclipse.m2e.maven.runtime_3.8.701.20230209-1606/jars/maven-settings-builder-3.8.7.jar
2023-05-01 18:15:27,897 [Worker-36: Launching Executing test in _Users_wwhynot_Documents_Selenium-projects_Hack Overload Tests_v1] INFO  o.eclipse.m2e.core.internal.Bundles - 	Entry: /Users/wwhynot/.p2/pool/plugins/org.eclipse.m2e.maven.runtime_3.8.701.20230209-1606/jars/maven-shared-utils-3.3.4.jar
2023-05-01 18:15:27,897 [Worker-36: Launching Executing test in _Users_wwhynot_Documents_Selenium-projects_Hack Overload Tests_v1] INFO  o.eclipse.m2e.core.internal.Bundles - 	Entry: /Users/wwhynot/.p2/pool/plugins/org.eclipse.m2e.maven.runtime_3.8.701.20230209-1606/jars/okhttp-3.14.1.jar
2023-05-01 18:15:27,897 [Worker-36: Launching Executing test in _Users_wwhynot_Documents_Selenium-projects_Hack Overload Tests_v1] INFO  o.eclipse.m2e.core.internal.Bundles - 	Entry: /Users/wwhynot/.p2/pool/plugins/org.eclipse.m2e.maven.runtime_3.8.701.20230209-1606/jars/okio-1.17.3.jar
2023-05-01 18:15:27,897 [Worker-36: Launching Executing test in _Users_wwhynot_Documents_Selenium-projects_Hack Overload Tests_v1] INFO  o.eclipse.m2e.core.internal.Bundles - 	Entry: /Users/wwhynot/.p2/pool/plugins/org.eclipse.m2e.maven.runtime_3.8.701.20230209-1606/jars/org.eclipse.sisu.inject-0.3.5.jar
2023-05-01 18:15:27,897 [Worker-36: Launching Executing test in _Users_wwhynot_Documents_Selenium-projects_Hack Overload Tests_v1] INFO  o.eclipse.m2e.core.internal.Bundles - 	Entry: /Users/wwhynot/.p2/pool/plugins/org.eclipse.m2e.maven.runtime_3.8.701.20230209-1606/jars/org.eclipse.sisu.plexus-0.3.5.jar
2023-05-01 18:15:27,897 [Worker-36: Launching Executing test in _Users_wwhynot_Documents_Selenium-projects_Hack Overload Tests_v1] INFO  o.eclipse.m2e.core.internal.Bundles - 	Entry: /Users/wwhynot/.p2/pool/plugins/org.eclipse.m2e.maven.runtime_3.8.701.20230209-1606/jars/plexus-build-api-0.0.7.jar
2023-05-01 18:15:27,897 [Worker-36: Launching Executing test in _Users_wwhynot_Documents_Selenium-projects_Hack Overload Tests_v1] INFO  o.eclipse.m2e.core.internal.Bundles - 	Entry: /Users/wwhynot/.p2/pool/plugins/org.eclipse.m2e.maven.runtime_3.8.701.20230209-1606/jars/plexus-cipher-2.0.jar
2023-05-01 18:15:27,897 [Worker-36: Launching Executing test in _Users_wwhynot_Documents_Selenium-projects_Hack Overload Tests_v1] INFO  o.eclipse.m2e.core.internal.Bundles - 	Entry: /Users/wwhynot/.p2/pool/plugins/org.eclipse.m2e.maven.runtime_3.8.701.20230209-1606/jars/plexus-classworlds-2.6.0.jar
2023-05-01 18:15:27,897 [Worker-36: Launching Executing test in _Users_wwhynot_Documents_Selenium-projects_Hack Overload Tests_v1] INFO  o.eclipse.m2e.core.internal.Bundles - 	Entry: /Users/wwhynot/.p2/pool/plugins/org.eclipse.m2e.maven.runtime_3.8.701.20230209-1606/jars/plexus-component-annotations-2.1.0.jar
2023-05-01 18:15:27,897 [Worker-36: Launching Executing test in _Users_wwhynot_Documents_Selenium-projects_Hack Overload Tests_v1] INFO  o.eclipse.m2e.core.internal.Bundles - 	Entry: /Users/wwhynot/.p2/pool/plugins/org.eclipse.m2e.maven.runtime_3.8.701.20230209-1606/jars/plexus-interpolation-1.26.jar
2023-05-01 18:15:27,897 [Worker-36: Launching Executing test in _Users_wwhynot_Documents_Selenium-projects_Hack Overload Tests_v1] INFO  o.eclipse.m2e.core.internal.Bundles - 	Entry: /Users/wwhynot/.p2/pool/plugins/org.eclipse.m2e.maven.runtime_3.8.701.20230209-1606/jars/plexus-sec-dispatcher-2.0.jar
2023-05-01 18:15:27,897 [Worker-36: Launching Executing test in _Users_wwhynot_Documents_Selenium-projects_Hack Overload Tests_v1] INFO  o.eclipse.m2e.core.internal.Bundles - 	Entry: /Users/wwhynot/.p2/pool/plugins/org.eclipse.m2e.maven.runtime_3.8.701.20230209-1606/jars/plexus-utils-3.3.1.jar
2023-05-01 18:15:27,898 [Worker-36: Launching Executing test in _Users_wwhynot_Documents_Selenium-projects_Hack Overload Tests_v1] INFO  o.eclipse.m2e.core.internal.Bundles - 	Entry: /Users/wwhynot/.p2/pool/plugins/org.eclipse.m2e.maven.runtime_3.8.701.20230209-1606/jars/wagon-file-3.5.3.jar
2023-05-01 18:15:27,898 [Worker-36: Launching Executing test in _Users_wwhynot_Documents_Selenium-projects_Hack Overload Tests_v1] INFO  o.eclipse.m2e.core.internal.Bundles - 	Entry: /Users/wwhynot/.p2/pool/plugins/org.eclipse.m2e.maven.runtime_3.8.701.20230209-1606/jars/wagon-provider-api-3.5.3.jar
2023-05-01 18:15:27,900 [Worker-36: Launching Executing test in _Users_wwhynot_Documents_Selenium-projects_Hack Overload Tests_v1] INFO  o.eclipse.m2e.core.internal.Bundles - getClasspathEntries(Bundle=com.google.guava_31.1.0.jre [9])
2023-05-01 18:15:27,901 [Worker-36: Launching Executing test in _Users_wwhynot_Documents_Selenium-projects_Hack Overload Tests_v1] INFO  o.eclipse.m2e.core.internal.Bundles - 	Entry: /Users/wwhynot/.p2/pool/plugins/com.google.guava_31.1.0.jre.jar
2023-05-01 18:15:27,902 [Worker-36: Launching Executing test in _Users_wwhynot_Documents_Selenium-projects_Hack Overload Tests_v1] INFO  o.eclipse.m2e.core.internal.Bundles - getClasspathEntries(Bundle=slf4j.api_1.7.36 [432])
2023-05-01 18:15:27,902 [Worker-36: Launching Executing test in _Users_wwhynot_Documents_Selenium-projects_Hack Overload Tests_v1] INFO  o.eclipse.m2e.core.internal.Bundles - 	Entry: /Users/wwhynot/.p2/pool/plugins/slf4j.api_1.7.36.jar
2023-05-01 18:15:27,902 [Worker-36: Launching Executing test in _Users_wwhynot_Documents_Selenium-projects_Hack Overload Tests_v1] INFO  o.eclipse.m2e.core.internal.Bundles - getClasspathEntries(Bundle=javax.inject_1.0.0.v20220405-0441 [21])
2023-05-01 18:15:27,904 [Worker-36: Launching Executing test in _Users_wwhynot_Documents_Selenium-projects_Hack Overload Tests_v1] INFO  o.eclipse.m2e.core.internal.Bundles - 	Entry: /Users/wwhynot/.p2/pool/plugins/javax.inject_1.0.0.v20220405-0441.jar
2023-05-01 18:15:27,904 [Worker-36: Launching Executing test in _Users_wwhynot_Documents_Selenium-projects_Hack Overload Tests_v1] INFO  o.eclipse.m2e.core.internal.Bundles - getClasspathEntries(Bundle=javax.annotation_1.3.5.v20221203-1659 [19])
2023-05-01 18:15:27,905 [Worker-36: Launching Executing test in _Users_wwhynot_Documents_Selenium-projects_Hack Overload Tests_v1] INFO  o.eclipse.m2e.core.internal.Bundles - 	Entry: /Users/wwhynot/.p2/pool/plugins/javax.annotation_1.3.5.v20221203-1659.jar
2023-05-01 18:15:27,905 [Worker-36: Launching Executing test in _Users_wwhynot_Documents_Selenium-projects_Hack Overload Tests_v1] INFO  o.eclipse.m2e.core.internal.Bundles - getClasspathEntries(Bundle=org.apache.commons.cli_1.4.0.v20221112-0806 [41])
2023-05-01 18:15:27,906 [Worker-36: Launching Executing test in _Users_wwhynot_Documents_Selenium-projects_Hack Overload Tests_v1] INFO  o.eclipse.m2e.core.internal.Bundles - 	Entry: /Users/wwhynot/.p2/pool/plugins/org.apache.commons.cli_1.4.0.v20221112-0806.jar
2023-05-01 18:15:27,906 [Worker-36: Launching Executing test in _Users_wwhynot_Documents_Selenium-projects_Hack Overload Tests_v1] INFO  o.eclipse.m2e.core.internal.Bundles - getClasspathEntries(Bundle=com.google.guava.failureaccess_1.0.1 [11])
2023-05-01 18:15:27,908 [Worker-36: Launching Executing test in _Users_wwhynot_Documents_Selenium-projects_Hack Overload Tests_v1] INFO  o.eclipse.m2e.core.internal.Bundles - 	Entry: /Users/wwhynot/.p2/pool/plugins/com.google.guava.failureaccess_1.0.1.jar
2023-05-01 18:15:27,913 [Worker-36: Launching Executing test in _Users_wwhynot_Documents_Selenium-projects_Hack Overload Tests_v1] INFO  o.e.m.i.launch.MavenLaunchDelegate - Run build in "/Users/wwhynot/Documents/Selenium-projects/Hack Overload Tests/v1":
2023-05-01 18:15:27,917 [Worker-36: Launching Executing test in _Users_wwhynot_Documents_Selenium-projects_Hack Overload Tests_v1] INFO  o.e.m.i.launch.MavenLaunchDelegate -  mvn  -B -Dstyle.color=always test
2023-05-01 18:16:48,656 [Worker-36: Building] INFO  o.e.m.c.i.l.LifecycleMappingFactory - Using org.eclipse.m2e.jdt.JarLifecycleMapping lifecycle mapping for MavenProject: hackoverload:v1:0.0.1-SNAPSHOT @ /Users/wwhynot/Documents/Selenium-projects/Hack Overload Tests/v1/pom.xml.
2023-05-01 18:16:49,110 [Worker-36: Building] INFO  o.e.m.c.i.embedder.EclipseLogger - Using 'UTF-8' encoding to copy filtered resources.
2023-05-01 18:16:49,110 [Worker-36: Building] INFO  o.e.m.c.i.embedder.EclipseLogger - skip non existing resourceDirectory /Users/wwhynot/Documents/Selenium-projects/Hack Overload Tests/v1/src/main/resources
2023-05-01 18:16:49,113 [Worker-36: Building] INFO  o.e.m.c.i.embedder.EclipseLogger - Using 'UTF-8' encoding to copy filtered resources.
2023-05-01 18:16:49,113 [Worker-36: Building] INFO  o.e.m.c.i.embedder.EclipseLogger - skip non existing resourceDirectory /Users/wwhynot/Documents/Selenium-projects/Hack Overload Tests/v1/src/test/resources
2023-05-01 18:16:51,408 [Worker-40: Building] INFO  o.e.m.c.i.embedder.EclipseLogger - Using 'UTF-8' encoding to copy filtered resources.
2023-05-01 18:16:51,408 [Worker-40: Building] INFO  o.e.m.c.i.embedder.EclipseLogger - skip non existing resourceDirectory /Users/wwhynot/Documents/Selenium-projects/Hack Overload Tests/v1/src/main/resources
2023-05-01 18:16:51,410 [Worker-40: Building] INFO  o.e.m.c.i.embedder.EclipseLogger - Using 'UTF-8' encoding to copy filtered resources.
2023-05-01 18:16:51,410 [Worker-40: Building] INFO  o.e.m.c.i.embedder.EclipseLogger - skip non existing resourceDirectory /Users/wwhynot/Documents/Selenium-projects/Hack Overload Tests/v1/src/test/resources
2023-05-01 18:17:01,198 [Worker-37: Updating Maven Project] INFO  o.e.m.c.i.p.ProjectConfigurationManager - Update started
2023-05-01 18:17:01,477 [Worker-37: Updating Maven Project] INFO  o.e.m.c.i.l.LifecycleMappingFactory - Using org.eclipse.m2e.jdt.JarLifecycleMapping lifecycle mapping for MavenProject: hackoverload:v1:0.0.1-SNAPSHOT @ /Users/wwhynot/Documents/Selenium-projects/Hack Overload Tests/v1/pom.xml.
2023-05-01 18:17:01,807 [Worker-37: Updating Maven Project] INFO  o.e.m.j.i.AbstractJavaProjectConfigurator - Adding source folder /v1/src/main/java
2023-05-01 18:17:01,807 [Worker-37: Updating Maven Project] INFO  o.e.m.j.i.AbstractJavaProjectConfigurator - Adding source folder /v1/src/test/java
2023-05-01 18:17:02,043 [Worker-37: Updating Maven Project] INFO  o.e.m.c.i.p.ProjectConfigurationManager - Update completed for 1 poms: local refresh takes 0.00 sec, refresh facades takes 0.00 sec, update config takes 0.00 sec 
2023-05-01 18:17:02,236 [Worker-37: Building] INFO  o.e.m.c.i.embedder.EclipseLogger - Using 'UTF-8' encoding to copy filtered resources.
2023-05-01 18:17:02,236 [Worker-37: Building] INFO  o.e.m.c.i.embedder.EclipseLogger - skip non existing resourceDirectory /Users/wwhynot/Documents/Selenium-projects/Hack Overload Tests/v1/src/main/resources
2023-05-01 18:17:02,238 [Worker-37: Building] INFO  o.e.m.c.i.embedder.EclipseLogger - Using 'UTF-8' encoding to copy filtered resources.
2023-05-01 18:17:02,239 [Worker-37: Building] INFO  o.e.m.c.i.embedder.EclipseLogger - skip non existing resourceDirectory /Users/wwhynot/Documents/Selenium-projects/Hack Overload Tests/v1/src/test/resources
2023-05-01 18:17:14,108 [Worker-36: Launching Executing test in _Users_wwhynot_Documents_Selenium-projects_Hack Overload Tests_v1] INFO  o.e.m.i.launch.MavenLaunchDelegate - Run build in "/Users/wwhynot/Documents/Selenium-projects/Hack Overload Tests/v1":
2023-05-01 18:17:14,109 [Worker-36: Launching Executing test in _Users_wwhynot_Documents_Selenium-projects_Hack Overload Tests_v1] INFO  o.e.m.i.launch.MavenLaunchDelegate -  mvn  -B -Dstyle.color=always test
2023-05-01 18:21:34,300 [Worker-41: Building] INFO  o.e.m.c.i.embedder.EclipseLogger - Using 'UTF-8' encoding to copy filtered resources.
2023-05-01 18:21:34,301 [Worker-41: Building] INFO  o.e.m.c.i.embedder.EclipseLogger - skip non existing resourceDirectory /Users/wwhynot/Documents/Selenium-projects/Hack Overload Tests/v1/src/main/resources
2023-05-01 18:21:34,305 [Worker-41: Building] INFO  o.e.m.c.i.embedder.EclipseLogger - Using 'UTF-8' encoding to copy filtered resources.
2023-05-01 18:21:34,305 [Worker-41: Building] INFO  o.e.m.c.i.embedder.EclipseLogger - skip non existing resourceDirectory /Users/wwhynot/Documents/Selenium-projects/Hack Overload Tests/v1/src/test/resources
2023-05-01 18:34:59,310 [Worker-47: Building] INFO  o.e.m.c.i.embedder.EclipseLogger - Using 'UTF-8' encoding to copy filtered resources.
2023-05-01 18:34:59,311 [Worker-47: Building] INFO  o.e.m.c.i.embedder.EclipseLogger - skip non existing resourceDirectory /Users/wwhynot/Documents/Selenium-projects/Hack Overload Tests/v1/src/main/resources
2023-05-01 18:34:59,314 [Worker-47: Building] INFO  o.e.m.c.i.embedder.EclipseLogger - Using 'UTF-8' encoding to copy filtered resources.
2023-05-01 18:34:59,314 [Worker-47: Building] INFO  o.e.m.c.i.embedder.EclipseLogger - skip non existing resourceDirectory /Users/wwhynot/Documents/Selenium-projects/Hack Overload Tests/v1/src/test/resources
2023-05-01 18:36:15,769 [Worker-41: Building] INFO  o.e.m.c.i.embedder.EclipseLogger - Using 'UTF-8' encoding to copy filtered resources.
2023-05-01 18:36:15,770 [Worker-41: Building] INFO  o.e.m.c.i.embedder.EclipseLogger - skip non existing resourceDirectory /Users/wwhynot/Documents/Selenium-projects/Hack Overload Tests/v1/src/main/resources
2023-05-01 18:36:15,776 [Worker-41: Building] INFO  o.e.m.c.i.embedder.EclipseLogger - Using 'UTF-8' encoding to copy filtered resources.
2023-05-01 18:36:15,776 [Worker-41: Building] INFO  o.e.m.c.i.embedder.EclipseLogger - skip non existing resourceDirectory /Users/wwhynot/Documents/Selenium-projects/Hack Overload Tests/v1/src/test/resources
2023-05-01 18:43:04,581 [Worker-50: Building] INFO  o.e.m.c.i.embedder.EclipseLogger - Using 'UTF-8' encoding to copy filtered resources.
2023-05-01 18:43:04,581 [Worker-50: Building] INFO  o.e.m.c.i.embedder.EclipseLogger - skip non existing resourceDirectory /Users/wwhynot/Documents/Selenium-projects/Hack Overload Tests/v1/src/main/resources
2023-05-01 18:43:04,584 [Worker-50: Building] INFO  o.e.m.c.i.embedder.EclipseLogger - Using 'UTF-8' encoding to copy filtered resources.
2023-05-01 18:43:04,584 [Worker-50: Building] INFO  o.e.m.c.i.embedder.EclipseLogger - skip non existing resourceDirectory /Users/wwhynot/Documents/Selenium-projects/Hack Overload Tests/v1/src/test/resources
2023-05-01 18:50:40,549 [Worker-55: Building] INFO  o.e.m.c.i.embedder.EclipseLogger - Using 'UTF-8' encoding to copy filtered resources.
2023-05-01 18:50:40,550 [Worker-55: Building] INFO  o.e.m.c.i.embedder.EclipseLogger - skip non existing resourceDirectory /Users/wwhynot/Documents/Selenium-projects/Hack Overload Tests/v1/src/main/resources
2023-05-01 18:50:40,556 [Worker-55: Building] INFO  o.e.m.c.i.embedder.EclipseLogger - Using 'UTF-8' encoding to copy filtered resources.
2023-05-01 18:50:40,556 [Worker-55: Building] INFO  o.e.m.c.i.embedder.EclipseLogger - skip non existing resourceDirectory /Users/wwhynot/Documents/Selenium-projects/Hack Overload Tests/v1/src/test/resources
2023-05-01 20:19:16,131 [Worker-67: Building] INFO  o.e.m.c.i.embedder.EclipseLogger - Using 'UTF-8' encoding to copy filtered resources.
2023-05-01 20:19:16,133 [Worker-67: Building] INFO  o.e.m.c.i.embedder.EclipseLogger - skip non existing resourceDirectory /Users/wwhynot/Documents/Selenium-projects/Hack Overload Tests/v1/src/main/resources
2023-05-01 20:19:16,136 [Worker-67: Building] INFO  o.e.m.c.i.embedder.EclipseLogger - Using 'UTF-8' encoding to copy filtered resources.
2023-05-01 20:19:16,136 [Worker-67: Building] INFO  o.e.m.c.i.embedder.EclipseLogger - skip non existing resourceDirectory /Users/wwhynot/Documents/Selenium-projects/Hack Overload Tests/v1/src/test/resources
2023-05-01 20:20:06,094 [Worker-69: Building] INFO  o.e.m.c.i.embedder.EclipseLogger - Using 'UTF-8' encoding to copy filtered resources.
2023-05-01 20:20:06,094 [Worker-69: Building] INFO  o.e.m.c.i.embedder.EclipseLogger - skip non existing resourceDirectory /Users/wwhynot/Documents/Selenium-projects/Hack Overload Tests/v1/src/main/resources
2023-05-01 20:20:06,099 [Worker-69: Building] INFO  o.e.m.c.i.embedder.EclipseLogger - Using 'UTF-8' encoding to copy filtered resources.
2023-05-01 20:20:06,100 [Worker-69: Building] INFO  o.e.m.c.i.embedder.EclipseLogger - skip non existing resourceDirectory /Users/wwhynot/Documents/Selenium-projects/Hack Overload Tests/v1/src/test/resources
2023-05-01 20:20:20,265 [Worker-67: Building] INFO  o.e.m.c.i.embedder.EclipseLogger - Using 'UTF-8' encoding to copy filtered resources.
2023-05-01 20:20:20,266 [Worker-67: Building] INFO  o.e.m.c.i.embedder.EclipseLogger - skip non existing resourceDirectory /Users/wwhynot/Documents/Selenium-projects/Hack Overload Tests/v1/src/main/resources
2023-05-01 20:20:20,268 [Worker-67: Building] INFO  o.e.m.c.i.embedder.EclipseLogger - Using 'UTF-8' encoding to copy filtered resources.
2023-05-01 20:20:20,269 [Worker-67: Building] INFO  o.e.m.c.i.embedder.EclipseLogger - skip non existing resourceDirectory /Users/wwhynot/Documents/Selenium-projects/Hack Overload Tests/v1/src/test/resources
2023-05-02 16:05:17,732 [Worker-70: Building] INFO  o.e.m.c.i.embedder.EclipseLogger - Using 'UTF-8' encoding to copy filtered resources.
2023-05-02 16:05:17,735 [Worker-70: Building] INFO  o.e.m.c.i.embedder.EclipseLogger - skip non existing resourceDirectory /Users/wwhynot/Documents/Selenium-projects/Hack Overload Tests/v1/src/main/resources
2023-05-02 16:05:17,743 [Worker-70: Building] INFO  o.e.m.c.i.embedder.EclipseLogger - Using 'UTF-8' encoding to copy filtered resources.
2023-05-02 16:05:17,743 [Worker-70: Building] INFO  o.e.m.c.i.embedder.EclipseLogger - skip non existing resourceDirectory /Users/wwhynot/Documents/Selenium-projects/Hack Overload Tests/v1/src/test/resources
2023-05-02 16:09:33,682 [Worker-72: Building] INFO  o.e.m.c.i.embedder.EclipseLogger - Using 'UTF-8' encoding to copy filtered resources.
2023-05-02 16:09:33,724 [Worker-72: Building] INFO  o.e.m.c.i.embedder.EclipseLogger - skip non existing resourceDirectory /Users/wwhynot/Documents/Selenium-projects/Hack Overload Tests/v1/src/main/resources
2023-05-02 16:09:33,770 [Worker-72: Building] INFO  o.e.m.c.i.embedder.EclipseLogger - Using 'UTF-8' encoding to copy filtered resources.
2023-05-02 16:09:33,770 [Worker-72: Building] INFO  o.e.m.c.i.embedder.EclipseLogger - skip non existing resourceDirectory /Users/wwhynot/Documents/Selenium-projects/Hack Overload Tests/v1/src/test/resources
2023-05-02 16:13:13,715 [Worker-77: Building] INFO  o.e.m.c.i.embedder.EclipseLogger - Using 'UTF-8' encoding to copy filtered resources.
2023-05-02 16:13:13,716 [Worker-77: Building] INFO  o.e.m.c.i.embedder.EclipseLogger - skip non existing resourceDirectory /Users/wwhynot/Documents/Selenium-projects/Hack Overload Tests/v1/src/main/resources
2023-05-02 16:13:13,728 [Worker-77: Building] INFO  o.e.m.c.i.embedder.EclipseLogger - Using 'UTF-8' encoding to copy filtered resources.
2023-05-02 16:13:13,729 [Worker-77: Building] INFO  o.e.m.c.i.embedder.EclipseLogger - skip non existing resourceDirectory /Users/wwhynot/Documents/Selenium-projects/Hack Overload Tests/v1/src/test/resources
2023-05-02 16:21:30,095 [Worker-73: Building] INFO  o.e.m.c.i.embedder.EclipseLogger - Using 'UTF-8' encoding to copy filtered resources.
2023-05-02 16:21:30,097 [Worker-73: Building] INFO  o.e.m.c.i.embedder.EclipseLogger - skip non existing resourceDirectory /Users/wwhynot/Documents/Selenium-projects/Hack Overload Tests/v1/src/main/resources
2023-05-02 16:21:30,103 [Worker-73: Building] INFO  o.e.m.c.i.embedder.EclipseLogger - Using 'UTF-8' encoding to copy filtered resources.
2023-05-02 16:21:30,104 [Worker-73: Building] INFO  o.e.m.c.i.embedder.EclipseLogger - skip non existing resourceDirectory /Users/wwhynot/Documents/Selenium-projects/Hack Overload Tests/v1/src/test/resources
2023-05-02 16:21:36,222 [Worker-80: Building] INFO  o.e.m.c.i.embedder.EclipseLogger - Using 'UTF-8' encoding to copy filtered resources.
2023-05-02 16:21:36,223 [Worker-80: Building] INFO  o.e.m.c.i.embedder.EclipseLogger - skip non existing resourceDirectory /Users/wwhynot/Documents/Selenium-projects/Hack Overload Tests/v1/src/main/resources
2023-05-02 16:21:36,228 [Worker-80: Building] INFO  o.e.m.c.i.embedder.EclipseLogger - Using 'UTF-8' encoding to copy filtered resources.
2023-05-02 16:21:36,229 [Worker-80: Building] INFO  o.e.m.c.i.embedder.EclipseLogger - skip non existing resourceDirectory /Users/wwhynot/Documents/Selenium-projects/Hack Overload Tests/v1/src/test/resources
2023-05-02 16:23:18,455 [Worker-77: Building] INFO  o.e.m.c.i.embedder.EclipseLogger - Using 'UTF-8' encoding to copy filtered resources.
2023-05-02 16:23:18,456 [Worker-77: Building] INFO  o.e.m.c.i.embedder.EclipseLogger - skip non existing resourceDirectory /Users/wwhynot/Documents/Selenium-projects/Hack Overload Tests/v1/src/main/resources
2023-05-02 16:23:18,458 [Worker-77: Building] INFO  o.e.m.c.i.embedder.EclipseLogger - Using 'UTF-8' encoding to copy filtered resources.
2023-05-02 16:23:18,458 [Worker-77: Building] INFO  o.e.m.c.i.embedder.EclipseLogger - skip non existing resourceDirectory /Users/wwhynot/Documents/Selenium-projects/Hack Overload Tests/v1/src/test/resources
2023-05-02 16:23:29,771 [Worker-81: Launching Executing test in _Users_wwhynot_Documents_Selenium-projects_Hack Overload Tests_v1] INFO  o.e.m.i.launch.MavenLaunchDelegate - Run build in "/Users/wwhynot/Documents/Selenium-projects/Hack Overload Tests/v1":
2023-05-02 16:23:29,780 [Worker-81: Launching Executing test in _Users_wwhynot_Documents_Selenium-projects_Hack Overload Tests_v1] INFO  o.e.m.i.launch.MavenLaunchDelegate -  mvn  -B -Dstyle.color=always test
2023-05-02 16:36:03,061 [Worker-84: Building] INFO  o.e.m.c.i.embedder.EclipseLogger - Using 'UTF-8' encoding to copy filtered resources.
2023-05-02 16:36:03,063 [Worker-84: Building] INFO  o.e.m.c.i.embedder.EclipseLogger - skip non existing resourceDirectory /Users/wwhynot/Documents/Selenium-projects/Hack Overload Tests/v1/src/main/resources
2023-05-02 16:36:03,069 [Worker-84: Building] INFO  o.e.m.c.i.embedder.EclipseLogger - Using 'UTF-8' encoding to copy filtered resources.
2023-05-02 16:36:03,069 [Worker-84: Building] INFO  o.e.m.c.i.embedder.EclipseLogger - skip non existing resourceDirectory /Users/wwhynot/Documents/Selenium-projects/Hack Overload Tests/v1/src/test/resources
2023-05-02 16:36:04,606 [Worker-84: Building] INFO  o.e.m.c.i.embedder.EclipseLogger - Using 'UTF-8' encoding to copy filtered resources.
2023-05-02 16:36:04,606 [Worker-84: Building] INFO  o.e.m.c.i.embedder.EclipseLogger - skip non existing resourceDirectory /Users/wwhynot/Documents/Selenium-projects/Hack Overload Tests/v1/src/main/resources
2023-05-02 16:36:04,609 [Worker-84: Building] INFO  o.e.m.c.i.embedder.EclipseLogger - Using 'UTF-8' encoding to copy filtered resources.
2023-05-02 16:36:04,609 [Worker-84: Building] INFO  o.e.m.c.i.embedder.EclipseLogger - skip non existing resourceDirectory /Users/wwhynot/Documents/Selenium-projects/Hack Overload Tests/v1/src/test/resources
2023-05-02 16:37:08,888 [Worker-84: Building] INFO  o.e.m.c.i.embedder.EclipseLogger - Using 'UTF-8' encoding to copy filtered resources.
2023-05-02 16:37:08,890 [Worker-84: Building] INFO  o.e.m.c.i.embedder.EclipseLogger - skip non existing resourceDirectory /Users/wwhynot/Documents/Selenium-projects/Hack Overload Tests/v1/src/main/resources
2023-05-02 16:37:08,892 [Worker-84: Building] INFO  o.e.m.c.i.embedder.EclipseLogger - Using 'UTF-8' encoding to copy filtered resources.
2023-05-02 16:37:08,892 [Worker-84: Building] INFO  o.e.m.c.i.embedder.EclipseLogger - skip non existing resourceDirectory /Users/wwhynot/Documents/Selenium-projects/Hack Overload Tests/v1/src/test/resources
2023-05-02 16:37:17,599 [Worker-82: Launching Executing test in _Users_wwhynot_Documents_Selenium-projects_Hack Overload Tests_v1] INFO  o.e.m.i.launch.MavenLaunchDelegate - Run build in "/Users/wwhynot/Documents/Selenium-projects/Hack Overload Tests/v1":
2023-05-02 16:37:17,600 [Worker-82: Launching Executing test in _Users_wwhynot_Documents_Selenium-projects_Hack Overload Tests_v1] INFO  o.e.m.i.launch.MavenLaunchDelegate -  mvn  -B -Dstyle.color=always test
2023-05-02 16:42:08,028 [Worker-77: Launching Executing test in _Users_wwhynot_Documents_Selenium-projects_Hack Overload Tests_v1] INFO  o.e.m.i.launch.MavenLaunchDelegate - Run build in "/Users/wwhynot/Documents/Selenium-projects/Hack Overload Tests/v1":
2023-05-02 16:42:08,030 [Worker-77: Launching Executing test in _Users_wwhynot_Documents_Selenium-projects_Hack Overload Tests_v1] INFO  o.e.m.i.launch.MavenLaunchDelegate -  mvn  -B -Dstyle.color=always test
2023-05-02 16:51:17,319 [Worker-89: Building] INFO  o.e.m.c.i.embedder.EclipseLogger - Using 'UTF-8' encoding to copy filtered resources.
2023-05-02 16:51:17,321 [Worker-89: Building] INFO  o.e.m.c.i.embedder.EclipseLogger - skip non existing resourceDirectory /Users/wwhynot/Documents/Selenium-projects/Hack Overload Tests/v1/src/main/resources
2023-05-02 16:51:17,323 [Worker-89: Building] INFO  o.e.m.c.i.embedder.EclipseLogger - Using 'UTF-8' encoding to copy filtered resources.
2023-05-02 16:51:17,323 [Worker-89: Building] INFO  o.e.m.c.i.embedder.EclipseLogger - skip non existing resourceDirectory /Users/wwhynot/Documents/Selenium-projects/Hack Overload Tests/v1/src/test/resources
2023-05-02 16:51:36,129 [Worker-90: Launching Executing test in _Users_wwhynot_Documents_Selenium-projects_Hack Overload Tests_v1] INFO  o.e.m.i.launch.MavenLaunchDelegate - Run build in "/Users/wwhynot/Documents/Selenium-projects/Hack Overload Tests/v1":
2023-05-02 16:51:36,130 [Worker-90: Launching Executing test in _Users_wwhynot_Documents_Selenium-projects_Hack Overload Tests_v1] INFO  o.e.m.i.launch.MavenLaunchDelegate -  mvn  -B -Dstyle.color=always test
2023-05-02 16:52:19,147 [Worker-85: Building] INFO  o.e.m.c.i.embedder.EclipseLogger - Using 'UTF-8' encoding to copy filtered resources.
2023-05-02 16:52:19,147 [Worker-85: Building] INFO  o.e.m.c.i.embedder.EclipseLogger - skip non existing resourceDirectory /Users/wwhynot/Documents/Selenium-projects/Hack Overload Tests/v1/src/main/resources
2023-05-02 16:52:19,151 [Worker-85: Building] INFO  o.e.m.c.i.embedder.EclipseLogger - Using 'UTF-8' encoding to copy filtered resources.
2023-05-02 16:52:19,152 [Worker-85: Building] INFO  o.e.m.c.i.embedder.EclipseLogger - skip non existing resourceDirectory /Users/wwhynot/Documents/Selenium-projects/Hack Overload Tests/v1/src/test/resources
2023-05-02 16:52:24,884 [Worker-91: Launching Executing test in _Users_wwhynot_Documents_Selenium-projects_Hack Overload Tests_v1] INFO  o.e.m.i.launch.MavenLaunchDelegate - Run build in "/Users/wwhynot/Documents/Selenium-projects/Hack Overload Tests/v1":
2023-05-02 16:52:24,885 [Worker-91: Launching Executing test in _Users_wwhynot_Documents_Selenium-projects_Hack Overload Tests_v1] INFO  o.e.m.i.launch.MavenLaunchDelegate -  mvn  -B -Dstyle.color=always test
2023-05-02 16:58:17,526 [Worker-90: Launching Executing test in _Users_wwhynot_Documents_Selenium-projects_Hack Overload Tests_v1] INFO  o.e.m.i.launch.MavenLaunchDelegate - Run build in "/Users/wwhynot/Documents/Selenium-projects/Hack Overload Tests/v1":
2023-05-02 16:58:17,532 [Worker-90: Launching Executing test in _Users_wwhynot_Documents_Selenium-projects_Hack Overload Tests_v1] INFO  o.e.m.i.launch.MavenLaunchDelegate -  mvn  -B -Dstyle.color=always test
2023-05-02 16:58:27,503 [Worker-91: Building] INFO  o.e.m.c.i.embedder.EclipseLogger - Using 'UTF-8' encoding to copy filtered resources.
2023-05-02 16:58:27,504 [Worker-91: Building] INFO  o.e.m.c.i.embedder.EclipseLogger - skip non existing resourceDirectory /Users/wwhynot/Documents/Selenium-projects/Hack Overload Tests/v1/src/main/resources
2023-05-02 16:58:27,507 [Worker-91: Building] INFO  o.e.m.c.i.embedder.EclipseLogger - Using 'UTF-8' encoding to copy filtered resources.
2023-05-02 16:58:27,507 [Worker-91: Building] INFO  o.e.m.c.i.embedder.EclipseLogger - skip non existing resourceDirectory /Users/wwhynot/Documents/Selenium-projects/Hack Overload Tests/v1/src/test/resources
2023-05-02 16:59:22,325 [Worker-90: Launching Executing test in _Users_wwhynot_Documents_Selenium-projects_Hack Overload Tests_v1] INFO  o.e.m.i.launch.MavenLaunchDelegate - Run build in "/Users/wwhynot/Documents/Selenium-projects/Hack Overload Tests/v1":
2023-05-02 16:59:22,326 [Worker-90: Launching Executing test in _Users_wwhynot_Documents_Selenium-projects_Hack Overload Tests_v1] INFO  o.e.m.i.launch.MavenLaunchDelegate -  mvn  -B -Dstyle.color=always test
2023-05-02 17:01:07,017 [Worker-90: Launching Executing test in _Users_wwhynot_Documents_Selenium-projects_Hack Overload Tests_v1] INFO  o.e.m.i.launch.MavenLaunchDelegate - Run build in "/Users/wwhynot/Documents/Selenium-projects/Hack Overload Tests/v1":
2023-05-02 17:01:07,019 [Worker-90: Launching Executing test in _Users_wwhynot_Documents_Selenium-projects_Hack Overload Tests_v1] INFO  o.e.m.i.launch.MavenLaunchDelegate -  mvn  -B -Dstyle.color=always test
